type=GAUGE, name=jvm.fd.usage, value=NaN
type=GAUGE, name=jvm.gc.PS-MarkSweep.count, value=4
type=GAUGE, name=jvm.gc.PS-MarkSweep.time, value=1778
type=GAUGE, name=jvm.gc.PS-Scavenge.count, value=34
type=GAUGE, name=jvm.gc.PS-Scavenge.time, value=929
type=GAUGE, name=jvm.memory.heap.committed, value=424148992
type=GAUGE, name=jvm.memory.heap.init, value=67108864
type=GAUGE, name=jvm.memory.heap.max, value=935854080
type=GAUGE, name=jvm.memory.heap.usage, value=0.31888438847218575
type=GAUGE, name=jvm.memory.heap.used, value=298429256
type=GAUGE, name=jvm.memory.non-heap.committed, value=141164544
type=GAUGE, name=jvm.memory.non-heap.init, value=2555904
type=GAUGE, name=jvm.memory.non-heap.max, value=-1
type=GAUGE, name=jvm.memory.non-heap.usage, value=-1.38327816E8
type=GAUGE, name=jvm.memory.non-heap.used, value=138327816
type=GAUGE, name=jvm.memory.pools.Code-Cache.committed, value=37355520
type=GAUGE, name=jvm.memory.pools.Code-Cache.init, value=2555904
type=GAUGE, name=jvm.memory.pools.Code-Cache.max, value=251658240
type=GAUGE, name=jvm.memory.pools.Code-Cache.usage, value=0.14598464965820312
type=GAUGE, name=jvm.memory.pools.Code-Cache.used, value=36738240
type=GAUGE, name=jvm.memory.pools.Compressed-Class-Space.committed, value=11010048
type=GAUGE, name=jvm.memory.pools.Compressed-Class-Space.init, value=0
type=GAUGE, name=jvm.memory.pools.Compressed-Class-Space.max, value=1073741824
type=GAUGE, name=jvm.memory.pools.Compressed-Class-Space.usage, value=0.009823471307754517
type=GAUGE, name=jvm.memory.pools.Compressed-Class-Space.used, value=10547872
type=GAUGE, name=jvm.memory.pools.Metaspace.committed, value=92798976
type=GAUGE, name=jvm.memory.pools.Metaspace.init, value=0
type=GAUGE, name=jvm.memory.pools.Metaspace.max, value=-1
type=GAUGE, name=jvm.memory.pools.Metaspace.usage, value=0.9810636703577419
type=GAUGE, name=jvm.memory.pools.Metaspace.used, value=91041704
type=GAUGE, name=jvm.memory.pools.PS-Eden-Space.committed, value=235929600
type=GAUGE, name=jvm.memory.pools.PS-Eden-Space.init, value=16777216
type=GAUGE, name=jvm.memory.pools.PS-Eden-Space.max, value=251658240
type=GAUGE, name=jvm.memory.pools.PS-Eden-Space.usage, value=0.8458465576171875
type=GAUGE, name=jvm.memory.pools.PS-Eden-Space.used, value=212864256
type=GAUGE, name=jvm.memory.pools.PS-Old-Gen.committed, value=141557760
type=GAUGE, name=jvm.memory.pools.PS-Old-Gen.init, value=45088768
type=GAUGE, name=jvm.memory.pools.PS-Old-Gen.max, value=702021632
type=GAUGE, name=jvm.memory.pools.PS-Old-Gen.usage, value=0.12188370856355606
type=GAUGE, name=jvm.memory.pools.PS-Old-Gen.used, value=85565000
type=GAUGE, name=jvm.memory.pools.PS-Survivor-Space.committed, value=46661632
type=GAUGE, name=jvm.memory.pools.PS-Survivor-Space.init, value=2621440
type=GAUGE, name=jvm.memory.pools.PS-Survivor-Space.max, value=46661632
type=GAUGE, name=jvm.memory.pools.PS-Survivor-Space.usage, value=0.0
type=GAUGE, name=jvm.memory.pools.PS-Survivor-Space.used, value=0
type=GAUGE, name=jvm.memory.total.committed, value=565313536
type=GAUGE, name=jvm.memory.total.init, value=69664768
type=GAUGE, name=jvm.memory.total.max, value=935854079
type=GAUGE, name=jvm.memory.total.used, value=436757072
type=GAUGE, name=jvm.thread-states.blocked.count, value=0
type=GAUGE, name=jvm.thread-states.count, value=35
type=GAUGE, name=jvm.thread-states.daemon.count, value=23
type=GAUGE, name=jvm.thread-states.deadlock.count, value=0
type=GAUGE, name=jvm.thread-states.deadlocks, value=[]
type=GAUGE, name=jvm.thread-states.new.count, value=0
type=GAUGE, name=jvm.thread-states.runnable.count, value=7
type=GAUGE, name=jvm.thread-states.terminated.count, value=0
type=GAUGE, name=jvm.thread-states.timed_waiting.count, value=14
type=GAUGE, name=jvm.thread-states.waiting.count, value=14
type=METER, name=org.jasig.cas.CentralAuthenticationServiceImpl.CREATE_TICKET_GRANTING_TICKET_METER, count=0, mean_rate=0.0, m1=0.0, m5=0.0, m15=0.0, rate_unit=events/millisecond
type=METER, name=org.jasig.cas.CentralAuthenticationServiceImpl.DESTROY_TICKET_GRANTING_TICKET_METER, count=0, mean_rate=0.0, m1=0.0, m5=0.0, m15=0.0, rate_unit=events/millisecond
type=METER, name=org.jasig.cas.CentralAuthenticationServiceImpl.GET_TICKETS_METER, count=1, mean_rate=0.0, m1=0.0, m5=0.0, m15=0.0, rate_unit=events/millisecond
type=METER, name=org.jasig.cas.CentralAuthenticationServiceImpl.GET_TICKET_METER, count=0, mean_rate=0.0, m1=0.0, m5=0.0, m15=0.0, rate_unit=events/millisecond
type=METER, name=org.jasig.cas.CentralAuthenticationServiceImpl.GRANT_PROXY_GRANTING_TICKET_METER, count=0, mean_rate=0.0, m1=0.0, m5=0.0, m15=0.0, rate_unit=events/millisecond
type=METER, name=org.jasig.cas.CentralAuthenticationServiceImpl.GRANT_SERVICE_TICKET_METER, count=0, mean_rate=0.0, m1=0.0, m5=0.0, m15=0.0, rate_unit=events/millisecond
type=METER, name=org.jasig.cas.CentralAuthenticationServiceImpl.VALIDATE_SERVICE_TICKET_METER, count=0, mean_rate=0.0, m1=0.0, m5=0.0, m15=0.0, rate_unit=events/millisecond
type=TIMER, name=org.jasig.cas.CentralAuthenticationServiceImpl.CREATE_TICKET_GRANTING_TICKET_TIMER, count=0, min=0.0, max=0.0, mean=0.0, stddev=0.0, median=0.0, p75=0.0, p95=0.0, p98=0.0, p99=0.0, p999=0.0, mean_rate=0.0, m1=0.0, m5=0.0, m15=0.0, rate_unit=events/millisecond, duration_unit=milliseconds
type=TIMER, name=org.jasig.cas.CentralAuthenticationServiceImpl.DESTROY_TICKET_GRANTING_TICKET_TIMER, count=0, min=0.0, max=0.0, mean=0.0, stddev=0.0, median=0.0, p75=0.0, p95=0.0, p98=0.0, p99=0.0, p999=0.0, mean_rate=0.0, m1=0.0, m5=0.0, m15=0.0, rate_unit=events/millisecond, duration_unit=milliseconds
type=TIMER, name=org.jasig.cas.CentralAuthenticationServiceImpl.GET_TICKETS_TIMER, count=1, min=3.216274, max=3.216274, mean=3.216274, stddev=0.0, median=3.216274, p75=3.216274, p95=3.216274, p98=3.216274, p99=3.216274, p999=3.216274, mean_rate=0.0, m1=0.0, m5=0.0, m15=0.0, rate_unit=events/millisecond, duration_unit=milliseconds
type=TIMER, name=org.jasig.cas.CentralAuthenticationServiceImpl.GET_TICKET_TIMER, count=0, min=0.0, max=0.0, mean=0.0, stddev=0.0, median=0.0, p75=0.0, p95=0.0, p98=0.0, p99=0.0, p999=0.0, mean_rate=0.0, m1=0.0, m5=0.0, m15=0.0, rate_unit=events/millisecond, duration_unit=milliseconds
type=TIMER, name=org.jasig.cas.CentralAuthenticationServiceImpl.GRANT_PROXY_GRANTING_TICKET_TIMER, count=0, min=0.0, max=0.0, mean=0.0, stddev=0.0, median=0.0, p75=0.0, p95=0.0, p98=0.0, p99=0.0, p999=0.0, mean_rate=0.0, m1=0.0, m5=0.0, m15=0.0, rate_unit=events/millisecond, duration_unit=milliseconds
type=TIMER, name=org.jasig.cas.CentralAuthenticationServiceImpl.GRANT_SERVICE_TICKET_TIMER, count=0, min=0.0, max=0.0, mean=0.0, stddev=0.0, median=0.0, p75=0.0, p95=0.0, p98=0.0, p99=0.0, p999=0.0, mean_rate=0.0, m1=0.0, m5=0.0, m15=0.0, rate_unit=events/millisecond, duration_unit=milliseconds
type=TIMER, name=org.jasig.cas.CentralAuthenticationServiceImpl.VALIDATE_SERVICE_TICKET_TIMER, count=0, min=0.0, max=0.0, mean=0.0, stddev=0.0, median=0.0, p75=0.0, p95=0.0, p98=0.0, p99=0.0, p999=0.0, mean_rate=0.0, m1=0.0, m5=0.0, m15=0.0, rate_unit=events/millisecond, duration_unit=milliseconds
type=GAUGE, name=jvm.fd.usage, value=NaN
type=GAUGE, name=jvm.gc.PS-MarkSweep.count, value=4
type=GAUGE, name=jvm.gc.PS-MarkSweep.time, value=1778
type=GAUGE, name=jvm.gc.PS-Scavenge.count, value=34
type=GAUGE, name=jvm.gc.PS-Scavenge.time, value=929
type=GAUGE, name=jvm.memory.heap.committed, value=424148992
type=GAUGE, name=jvm.memory.heap.init, value=67108864
type=GAUGE, name=jvm.memory.heap.max, value=935854080
type=GAUGE, name=jvm.memory.heap.usage, value=0.31888438847218575
type=GAUGE, name=jvm.memory.heap.used, value=298429256
type=GAUGE, name=jvm.memory.non-heap.committed, value=141164544
type=GAUGE, name=jvm.memory.non-heap.init, value=2555904
type=GAUGE, name=jvm.memory.non-heap.max, value=-1
type=GAUGE, name=jvm.memory.non-heap.usage, value=-1.38327816E8
type=GAUGE, name=jvm.memory.non-heap.used, value=138327816
type=GAUGE, name=jvm.memory.pools.Code-Cache.committed, value=37355520
type=GAUGE, name=jvm.memory.pools.Code-Cache.init, value=2555904
type=GAUGE, name=jvm.memory.pools.Code-Cache.max, value=251658240
type=GAUGE, name=jvm.memory.pools.Code-Cache.usage, value=0.14598464965820312
type=GAUGE, name=jvm.memory.pools.Code-Cache.used, value=36738240
type=GAUGE, name=jvm.memory.pools.Compressed-Class-Space.committed, value=11010048
type=GAUGE, name=jvm.memory.pools.Compressed-Class-Space.init, value=0
type=GAUGE, name=jvm.memory.pools.Compressed-Class-Space.max, value=1073741824
type=GAUGE, name=jvm.memory.pools.Compressed-Class-Space.usage, value=0.009823471307754517
type=GAUGE, name=jvm.memory.pools.Compressed-Class-Space.used, value=10547872
type=GAUGE, name=jvm.memory.pools.Metaspace.committed, value=92798976
type=GAUGE, name=jvm.memory.pools.Metaspace.init, value=0
type=GAUGE, name=jvm.memory.pools.Metaspace.max, value=-1
type=GAUGE, name=jvm.memory.pools.Metaspace.usage, value=0.9810636703577419
type=GAUGE, name=jvm.memory.pools.Metaspace.used, value=91041704
type=GAUGE, name=jvm.memory.pools.PS-Eden-Space.committed, value=235929600
type=GAUGE, name=jvm.memory.pools.PS-Eden-Space.init, value=16777216
type=GAUGE, name=jvm.memory.pools.PS-Eden-Space.max, value=251658240
type=GAUGE, name=jvm.memory.pools.PS-Eden-Space.usage, value=0.8458465576171875
type=GAUGE, name=jvm.memory.pools.PS-Eden-Space.used, value=212864256
type=GAUGE, name=jvm.memory.pools.PS-Old-Gen.committed, value=141557760
type=GAUGE, name=jvm.memory.pools.PS-Old-Gen.init, value=45088768
type=GAUGE, name=jvm.memory.pools.PS-Old-Gen.max, value=702021632
type=GAUGE, name=jvm.memory.pools.PS-Old-Gen.usage, value=0.12188370856355606
type=GAUGE, name=jvm.memory.pools.PS-Old-Gen.used, value=85565000
type=GAUGE, name=jvm.memory.pools.PS-Survivor-Space.committed, value=46661632
type=GAUGE, name=jvm.memory.pools.PS-Survivor-Space.init, value=2621440
type=GAUGE, name=jvm.memory.pools.PS-Survivor-Space.max, value=46661632
type=GAUGE, name=jvm.memory.pools.PS-Survivor-Space.usage, value=0.0
type=GAUGE, name=jvm.memory.pools.PS-Survivor-Space.used, value=0
type=GAUGE, name=jvm.memory.total.committed, value=565313536
type=GAUGE, name=jvm.memory.total.init, value=69664768
type=GAUGE, name=jvm.memory.total.max, value=935854079
type=GAUGE, name=jvm.memory.total.used, value=436757072
type=GAUGE, name=jvm.thread-states.blocked.count, value=0
type=GAUGE, name=jvm.thread-states.count, value=35
type=GAUGE, name=jvm.thread-states.daemon.count, value=23
type=GAUGE, name=jvm.thread-states.deadlock.count, value=0
type=GAUGE, name=jvm.thread-states.deadlocks, value=[]
type=GAUGE, name=jvm.thread-states.new.count, value=0
type=GAUGE, name=jvm.thread-states.runnable.count, value=7
type=GAUGE, name=jvm.thread-states.terminated.count, value=0
type=GAUGE, name=jvm.thread-states.timed_waiting.count, value=14
type=GAUGE, name=jvm.thread-states.waiting.count, value=14
type=METER, name=org.jasig.cas.CentralAuthenticationServiceImpl.CREATE_TICKET_GRANTING_TICKET_METER, count=0, mean_rate=0.0, m1=0.0, m5=0.0, m15=0.0, rate_unit=events/millisecond
type=METER, name=org.jasig.cas.CentralAuthenticationServiceImpl.DESTROY_TICKET_GRANTING_TICKET_METER, count=0, mean_rate=0.0, m1=0.0, m5=0.0, m15=0.0, rate_unit=events/millisecond
type=METER, name=org.jasig.cas.CentralAuthenticationServiceImpl.GET_TICKETS_METER, count=1, mean_rate=0.0, m1=0.0, m5=0.0, m15=0.0, rate_unit=events/millisecond
type=METER, name=org.jasig.cas.CentralAuthenticationServiceImpl.GET_TICKET_METER, count=0, mean_rate=0.0, m1=0.0, m5=0.0, m15=0.0, rate_unit=events/millisecond
type=METER, name=org.jasig.cas.CentralAuthenticationServiceImpl.GRANT_PROXY_GRANTING_TICKET_METER, count=0, mean_rate=0.0, m1=0.0, m5=0.0, m15=0.0, rate_unit=events/millisecond
type=METER, name=org.jasig.cas.CentralAuthenticationServiceImpl.GRANT_SERVICE_TICKET_METER, count=0, mean_rate=0.0, m1=0.0, m5=0.0, m15=0.0, rate_unit=events/millisecond
type=METER, name=org.jasig.cas.CentralAuthenticationServiceImpl.VALIDATE_SERVICE_TICKET_METER, count=0, mean_rate=0.0, m1=0.0, m5=0.0, m15=0.0, rate_unit=events/millisecond
type=TIMER, name=org.jasig.cas.CentralAuthenticationServiceImpl.CREATE_TICKET_GRANTING_TICKET_TIMER, count=0, min=0.0, max=0.0, mean=0.0, stddev=0.0, median=0.0, p75=0.0, p95=0.0, p98=0.0, p99=0.0, p999=0.0, mean_rate=0.0, m1=0.0, m5=0.0, m15=0.0, rate_unit=events/millisecond, duration_unit=milliseconds
type=TIMER, name=org.jasig.cas.CentralAuthenticationServiceImpl.DESTROY_TICKET_GRANTING_TICKET_TIMER, count=0, min=0.0, max=0.0, mean=0.0, stddev=0.0, median=0.0, p75=0.0, p95=0.0, p98=0.0, p99=0.0, p999=0.0, mean_rate=0.0, m1=0.0, m5=0.0, m15=0.0, rate_unit=events/millisecond, duration_unit=milliseconds
type=TIMER, name=org.jasig.cas.CentralAuthenticationServiceImpl.GET_TICKETS_TIMER, count=1, min=3.216274, max=3.216274, mean=3.216274, stddev=0.0, median=3.216274, p75=3.216274, p95=3.216274, p98=3.216274, p99=3.216274, p999=3.216274, mean_rate=0.0, m1=0.0, m5=0.0, m15=0.0, rate_unit=events/millisecond, duration_unit=milliseconds
type=TIMER, name=org.jasig.cas.CentralAuthenticationServiceImpl.GET_TICKET_TIMER, count=0, min=0.0, max=0.0, mean=0.0, stddev=0.0, median=0.0, p75=0.0, p95=0.0, p98=0.0, p99=0.0, p999=0.0, mean_rate=0.0, m1=0.0, m5=0.0, m15=0.0, rate_unit=events/millisecond, duration_unit=milliseconds
type=TIMER, name=org.jasig.cas.CentralAuthenticationServiceImpl.GRANT_PROXY_GRANTING_TICKET_TIMER, count=0, min=0.0, max=0.0, mean=0.0, stddev=0.0, median=0.0, p75=0.0, p95=0.0, p98=0.0, p99=0.0, p999=0.0, mean_rate=0.0, m1=0.0, m5=0.0, m15=0.0, rate_unit=events/millisecond, duration_unit=milliseconds
type=TIMER, name=org.jasig.cas.CentralAuthenticationServiceImpl.GRANT_SERVICE_TICKET_TIMER, count=0, min=0.0, max=0.0, mean=0.0, stddev=0.0, median=0.0, p75=0.0, p95=0.0, p98=0.0, p99=0.0, p999=0.0, mean_rate=0.0, m1=0.0, m5=0.0, m15=0.0, rate_unit=events/millisecond, duration_unit=milliseconds
type=TIMER, name=org.jasig.cas.CentralAuthenticationServiceImpl.VALIDATE_SERVICE_TICKET_TIMER, count=0, min=0.0, max=0.0, mean=0.0, stddev=0.0, median=0.0, p75=0.0, p95=0.0, p98=0.0, p99=0.0, p999=0.0, mean_rate=0.0, m1=0.0, m5=0.0, m15=0.0, rate_unit=events/millisecond, duration_unit=milliseconds
type=GAUGE, name=jvm.fd.usage, value=NaN
type=GAUGE, name=jvm.gc.PS-MarkSweep.count, value=4
type=GAUGE, name=jvm.gc.PS-MarkSweep.time, value=1778
type=GAUGE, name=jvm.gc.PS-Scavenge.count, value=34
type=GAUGE, name=jvm.gc.PS-Scavenge.time, value=929
type=GAUGE, name=jvm.memory.heap.committed, value=424148992
type=GAUGE, name=jvm.memory.heap.init, value=67108864
type=GAUGE, name=jvm.memory.heap.max, value=935854080
type=GAUGE, name=jvm.memory.heap.usage, value=0.32056513767616424
type=GAUGE, name=jvm.memory.heap.used, value=300002192
type=GAUGE, name=jvm.memory.non-heap.committed, value=141164544
type=GAUGE, name=jvm.memory.non-heap.init, value=2555904
type=GAUGE, name=jvm.memory.non-heap.max, value=-1
type=GAUGE, name=jvm.memory.non-heap.usage, value=-1.38198432E8
type=GAUGE, name=jvm.memory.non-heap.used, value=138198432
type=GAUGE, name=jvm.memory.pools.Code-Cache.committed, value=37355520
type=GAUGE, name=jvm.memory.pools.Code-Cache.init, value=2555904
type=GAUGE, name=jvm.memory.pools.Code-Cache.max, value=251658240
type=GAUGE, name=jvm.memory.pools.Code-Cache.usage, value=0.1454205830891927
type=GAUGE, name=jvm.memory.pools.Code-Cache.used, value=36596288
type=GAUGE, name=jvm.memory.pools.Compressed-Class-Space.committed, value=11010048
type=GAUGE, name=jvm.memory.pools.Compressed-Class-Space.init, value=0
type=GAUGE, name=jvm.memory.pools.Compressed-Class-Space.max, value=1073741824
type=GAUGE, name=jvm.memory.pools.Compressed-Class-Space.usage, value=0.009823471307754517
type=GAUGE, name=jvm.memory.pools.Compressed-Class-Space.used, value=10547872
type=GAUGE, name=jvm.memory.pools.Metaspace.committed, value=92798976
type=GAUGE, name=jvm.memory.pools.Metaspace.init, value=0
type=GAUGE, name=jvm.memory.pools.Metaspace.max, value=-1
type=GAUGE, name=jvm.memory.pools.Metaspace.usage, value=0.9811991028866526
type=GAUGE, name=jvm.memory.pools.Metaspace.used, value=91054272
type=GAUGE, name=jvm.memory.pools.PS-Eden-Space.committed, value=235929600
type=GAUGE, name=jvm.memory.pools.PS-Eden-Space.init, value=16777216
type=GAUGE, name=jvm.memory.pools.PS-Eden-Space.max, value=251658240
type=GAUGE, name=jvm.memory.pools.PS-Eden-Space.usage, value=0.8520968437194825
type=GAUGE, name=jvm.memory.pools.PS-Eden-Space.used, value=214437192
type=GAUGE, name=jvm.memory.pools.PS-Old-Gen.committed, value=141557760
type=GAUGE, name=jvm.memory.pools.PS-Old-Gen.init, value=45088768
type=GAUGE, name=jvm.memory.pools.PS-Old-Gen.max, value=702021632
type=GAUGE, name=jvm.memory.pools.PS-Old-Gen.usage, value=0.12188370856355606
type=GAUGE, name=jvm.memory.pools.PS-Old-Gen.used, value=85565000
type=GAUGE, name=jvm.memory.pools.PS-Survivor-Space.committed, value=46661632
type=GAUGE, name=jvm.memory.pools.PS-Survivor-Space.init, value=2621440
type=GAUGE, name=jvm.memory.pools.PS-Survivor-Space.max, value=46661632
type=GAUGE, name=jvm.memory.pools.PS-Survivor-Space.usage, value=0.0
type=GAUGE, name=jvm.memory.pools.PS-Survivor-Space.used, value=0
type=GAUGE, name=jvm.memory.total.committed, value=565313536
type=GAUGE, name=jvm.memory.total.init, value=69664768
type=GAUGE, name=jvm.memory.total.max, value=935854079
type=GAUGE, name=jvm.memory.total.used, value=438202032
type=GAUGE, name=jvm.thread-states.blocked.count, value=0
type=GAUGE, name=jvm.thread-states.count, value=35
type=GAUGE, name=jvm.thread-states.daemon.count, value=23
type=GAUGE, name=jvm.thread-states.deadlock.count, value=0
type=GAUGE, name=jvm.thread-states.deadlocks, value=[]
type=GAUGE, name=jvm.thread-states.new.count, value=0
type=GAUGE, name=jvm.thread-states.runnable.count, value=7
type=GAUGE, name=jvm.thread-states.terminated.count, value=0
type=GAUGE, name=jvm.thread-states.timed_waiting.count, value=14
type=GAUGE, name=jvm.thread-states.waiting.count, value=14
type=METER, name=org.jasig.cas.CentralAuthenticationServiceImpl.CREATE_TICKET_GRANTING_TICKET_METER, count=0, mean_rate=0.0, m1=0.0, m5=0.0, m15=0.0, rate_unit=events/millisecond
type=METER, name=org.jasig.cas.CentralAuthenticationServiceImpl.DESTROY_TICKET_GRANTING_TICKET_METER, count=0, mean_rate=0.0, m1=0.0, m5=0.0, m15=0.0, rate_unit=events/millisecond
type=METER, name=org.jasig.cas.CentralAuthenticationServiceImpl.GET_TICKETS_METER, count=1, mean_rate=0.0, m1=0.0, m5=0.0, m15=0.0, rate_unit=events/millisecond
type=METER, name=org.jasig.cas.CentralAuthenticationServiceImpl.GET_TICKET_METER, count=0, mean_rate=0.0, m1=0.0, m5=0.0, m15=0.0, rate_unit=events/millisecond
type=METER, name=org.jasig.cas.CentralAuthenticationServiceImpl.GRANT_PROXY_GRANTING_TICKET_METER, count=0, mean_rate=0.0, m1=0.0, m5=0.0, m15=0.0, rate_unit=events/millisecond
type=METER, name=org.jasig.cas.CentralAuthenticationServiceImpl.GRANT_SERVICE_TICKET_METER, count=0, mean_rate=0.0, m1=0.0, m5=0.0, m15=0.0, rate_unit=events/millisecond
type=METER, name=org.jasig.cas.CentralAuthenticationServiceImpl.VALIDATE_SERVICE_TICKET_METER, count=0, mean_rate=0.0, m1=0.0, m5=0.0, m15=0.0, rate_unit=events/millisecond
type=TIMER, name=org.jasig.cas.CentralAuthenticationServiceImpl.CREATE_TICKET_GRANTING_TICKET_TIMER, count=0, min=0.0, max=0.0, mean=0.0, stddev=0.0, median=0.0, p75=0.0, p95=0.0, p98=0.0, p99=0.0, p999=0.0, mean_rate=0.0, m1=0.0, m5=0.0, m15=0.0, rate_unit=events/millisecond, duration_unit=milliseconds
type=TIMER, name=org.jasig.cas.CentralAuthenticationServiceImpl.DESTROY_TICKET_GRANTING_TICKET_TIMER, count=0, min=0.0, max=0.0, mean=0.0, stddev=0.0, median=0.0, p75=0.0, p95=0.0, p98=0.0, p99=0.0, p999=0.0, mean_rate=0.0, m1=0.0, m5=0.0, m15=0.0, rate_unit=events/millisecond, duration_unit=milliseconds
type=TIMER, name=org.jasig.cas.CentralAuthenticationServiceImpl.GET_TICKETS_TIMER, count=1, min=3.216274, max=3.216274, mean=3.216274, stddev=0.0, median=3.216274, p75=3.216274, p95=3.216274, p98=3.216274, p99=3.216274, p999=3.216274, mean_rate=0.0, m1=0.0, m5=0.0, m15=0.0, rate_unit=events/millisecond, duration_unit=milliseconds
type=TIMER, name=org.jasig.cas.CentralAuthenticationServiceImpl.GET_TICKET_TIMER, count=0, min=0.0, max=0.0, mean=0.0, stddev=0.0, median=0.0, p75=0.0, p95=0.0, p98=0.0, p99=0.0, p999=0.0, mean_rate=0.0, m1=0.0, m5=0.0, m15=0.0, rate_unit=events/millisecond, duration_unit=milliseconds
type=TIMER, name=org.jasig.cas.CentralAuthenticationServiceImpl.GRANT_PROXY_GRANTING_TICKET_TIMER, count=0, min=0.0, max=0.0, mean=0.0, stddev=0.0, median=0.0, p75=0.0, p95=0.0, p98=0.0, p99=0.0, p999=0.0, mean_rate=0.0, m1=0.0, m5=0.0, m15=0.0, rate_unit=events/millisecond, duration_unit=milliseconds
type=TIMER, name=org.jasig.cas.CentralAuthenticationServiceImpl.GRANT_SERVICE_TICKET_TIMER, count=0, min=0.0, max=0.0, mean=0.0, stddev=0.0, median=0.0, p75=0.0, p95=0.0, p98=0.0, p99=0.0, p999=0.0, mean_rate=0.0, m1=0.0, m5=0.0, m15=0.0, rate_unit=events/millisecond, duration_unit=milliseconds
type=TIMER, name=org.jasig.cas.CentralAuthenticationServiceImpl.VALIDATE_SERVICE_TICKET_TIMER, count=0, min=0.0, max=0.0, mean=0.0, stddev=0.0, median=0.0, p75=0.0, p95=0.0, p98=0.0, p99=0.0, p999=0.0, mean_rate=0.0, m1=0.0, m5=0.0, m15=0.0, rate_unit=events/millisecond, duration_unit=milliseconds
type=GAUGE, name=jvm.fd.usage, value=NaN
type=GAUGE, name=jvm.gc.PS-MarkSweep.count, value=4
type=GAUGE, name=jvm.gc.PS-MarkSweep.time, value=1778
type=GAUGE, name=jvm.gc.PS-Scavenge.count, value=34
type=GAUGE, name=jvm.gc.PS-Scavenge.time, value=929
type=GAUGE, name=jvm.memory.heap.committed, value=424148992
type=GAUGE, name=jvm.memory.heap.init, value=67108864
type=GAUGE, name=jvm.memory.heap.max, value=935854080
type=GAUGE, name=jvm.memory.heap.usage, value=0.32056513767616424
type=GAUGE, name=jvm.memory.heap.used, value=300002192
type=GAUGE, name=jvm.memory.non-heap.committed, value=141164544
type=GAUGE, name=jvm.memory.non-heap.init, value=2555904
type=GAUGE, name=jvm.memory.non-heap.max, value=-1
type=GAUGE, name=jvm.memory.non-heap.usage, value=-1.38204984E8
type=GAUGE, name=jvm.memory.non-heap.used, value=138204984
type=GAUGE, name=jvm.memory.pools.Code-Cache.committed, value=37355520
type=GAUGE, name=jvm.memory.pools.Code-Cache.init, value=2555904
type=GAUGE, name=jvm.memory.pools.Code-Cache.max, value=251658240
type=GAUGE, name=jvm.memory.pools.Code-Cache.usage, value=0.1454437255859375
type=GAUGE, name=jvm.memory.pools.Code-Cache.used, value=36602112
type=GAUGE, name=jvm.memory.pools.Compressed-Class-Space.committed, value=11010048
type=GAUGE, name=jvm.memory.pools.Compressed-Class-Space.init, value=0
type=GAUGE, name=jvm.memory.pools.Compressed-Class-Space.max, value=1073741824
type=GAUGE, name=jvm.memory.pools.Compressed-Class-Space.usage, value=0.009823471307754517
type=GAUGE, name=jvm.memory.pools.Compressed-Class-Space.used, value=10547872
type=GAUGE, name=jvm.memory.pools.Metaspace.committed, value=92798976
type=GAUGE, name=jvm.memory.pools.Metaspace.init, value=0
type=GAUGE, name=jvm.memory.pools.Metaspace.max, value=-1
type=GAUGE, name=jvm.memory.pools.Metaspace.usage, value=0.9812069478008033
type=GAUGE, name=jvm.memory.pools.Metaspace.used, value=91055000
type=GAUGE, name=jvm.memory.pools.PS-Eden-Space.committed, value=235929600
type=GAUGE, name=jvm.memory.pools.PS-Eden-Space.init, value=16777216
type=GAUGE, name=jvm.memory.pools.PS-Eden-Space.max, value=251658240
type=GAUGE, name=jvm.memory.pools.PS-Eden-Space.usage, value=0.8520968437194825
type=GAUGE, name=jvm.memory.pools.PS-Eden-Space.used, value=214437192
type=GAUGE, name=jvm.memory.pools.PS-Old-Gen.committed, value=141557760
type=GAUGE, name=jvm.memory.pools.PS-Old-Gen.init, value=45088768
type=GAUGE, name=jvm.memory.pools.PS-Old-Gen.max, value=702021632
type=GAUGE, name=jvm.memory.pools.PS-Old-Gen.usage, value=0.12188370856355606
type=GAUGE, name=jvm.memory.pools.PS-Old-Gen.used, value=85565000
type=GAUGE, name=jvm.memory.pools.PS-Survivor-Space.committed, value=46661632
type=GAUGE, name=jvm.memory.pools.PS-Survivor-Space.init, value=2621440
type=GAUGE, name=jvm.memory.pools.PS-Survivor-Space.max, value=46661632
type=GAUGE, name=jvm.memory.pools.PS-Survivor-Space.usage, value=0.0
type=GAUGE, name=jvm.memory.pools.PS-Survivor-Space.used, value=0
type=GAUGE, name=jvm.memory.total.committed, value=565313536
type=GAUGE, name=jvm.memory.total.init, value=69664768
type=GAUGE, name=jvm.memory.total.max, value=935854079
type=GAUGE, name=jvm.memory.total.used, value=438208408
type=GAUGE, name=jvm.thread-states.blocked.count, value=0
type=GAUGE, name=jvm.thread-states.count, value=35
type=GAUGE, name=jvm.thread-states.daemon.count, value=23
type=GAUGE, name=jvm.thread-states.deadlock.count, value=0
type=GAUGE, name=jvm.thread-states.deadlocks, value=[]
type=GAUGE, name=jvm.thread-states.new.count, value=0
type=GAUGE, name=jvm.thread-states.runnable.count, value=7
type=GAUGE, name=jvm.thread-states.terminated.count, value=0
type=GAUGE, name=jvm.thread-states.timed_waiting.count, value=14
type=GAUGE, name=jvm.thread-states.waiting.count, value=14
type=METER, name=org.jasig.cas.CentralAuthenticationServiceImpl.CREATE_TICKET_GRANTING_TICKET_METER, count=0, mean_rate=0.0, m1=0.0, m5=0.0, m15=0.0, rate_unit=events/millisecond
type=METER, name=org.jasig.cas.CentralAuthenticationServiceImpl.DESTROY_TICKET_GRANTING_TICKET_METER, count=0, mean_rate=0.0, m1=0.0, m5=0.0, m15=0.0, rate_unit=events/millisecond
type=METER, name=org.jasig.cas.CentralAuthenticationServiceImpl.GET_TICKETS_METER, count=1, mean_rate=0.0, m1=0.0, m5=0.0, m15=0.0, rate_unit=events/millisecond
type=METER, name=org.jasig.cas.CentralAuthenticationServiceImpl.GET_TICKET_METER, count=0, mean_rate=0.0, m1=0.0, m5=0.0, m15=0.0, rate_unit=events/millisecond
type=METER, name=org.jasig.cas.CentralAuthenticationServiceImpl.GRANT_PROXY_GRANTING_TICKET_METER, count=0, mean_rate=0.0, m1=0.0, m5=0.0, m15=0.0, rate_unit=events/millisecond
type=METER, name=org.jasig.cas.CentralAuthenticationServiceImpl.GRANT_SERVICE_TICKET_METER, count=0, mean_rate=0.0, m1=0.0, m5=0.0, m15=0.0, rate_unit=events/millisecond
type=METER, name=org.jasig.cas.CentralAuthenticationServiceImpl.VALIDATE_SERVICE_TICKET_METER, count=0, mean_rate=0.0, m1=0.0, m5=0.0, m15=0.0, rate_unit=events/millisecond
type=TIMER, name=org.jasig.cas.CentralAuthenticationServiceImpl.CREATE_TICKET_GRANTING_TICKET_TIMER, count=0, min=0.0, max=0.0, mean=0.0, stddev=0.0, median=0.0, p75=0.0, p95=0.0, p98=0.0, p99=0.0, p999=0.0, mean_rate=0.0, m1=0.0, m5=0.0, m15=0.0, rate_unit=events/millisecond, duration_unit=milliseconds
type=TIMER, name=org.jasig.cas.CentralAuthenticationServiceImpl.DESTROY_TICKET_GRANTING_TICKET_TIMER, count=0, min=0.0, max=0.0, mean=0.0, stddev=0.0, median=0.0, p75=0.0, p95=0.0, p98=0.0, p99=0.0, p999=0.0, mean_rate=0.0, m1=0.0, m5=0.0, m15=0.0, rate_unit=events/millisecond, duration_unit=milliseconds
type=TIMER, name=org.jasig.cas.CentralAuthenticationServiceImpl.GET_TICKETS_TIMER, count=1, min=3.216274, max=3.216274, mean=3.216274, stddev=0.0, median=3.216274, p75=3.216274, p95=3.216274, p98=3.216274, p99=3.216274, p999=3.216274, mean_rate=0.0, m1=0.0, m5=0.0, m15=0.0, rate_unit=events/millisecond, duration_unit=milliseconds
type=TIMER, name=org.jasig.cas.CentralAuthenticationServiceImpl.GET_TICKET_TIMER, count=0, min=0.0, max=0.0, mean=0.0, stddev=0.0, median=0.0, p75=0.0, p95=0.0, p98=0.0, p99=0.0, p999=0.0, mean_rate=0.0, m1=0.0, m5=0.0, m15=0.0, rate_unit=events/millisecond, duration_unit=milliseconds
type=TIMER, name=org.jasig.cas.CentralAuthenticationServiceImpl.GRANT_PROXY_GRANTING_TICKET_TIMER, count=0, min=0.0, max=0.0, mean=0.0, stddev=0.0, median=0.0, p75=0.0, p95=0.0, p98=0.0, p99=0.0, p999=0.0, mean_rate=0.0, m1=0.0, m5=0.0, m15=0.0, rate_unit=events/millisecond, duration_unit=milliseconds
type=TIMER, name=org.jasig.cas.CentralAuthenticationServiceImpl.GRANT_SERVICE_TICKET_TIMER, count=0, min=0.0, max=0.0, mean=0.0, stddev=0.0, median=0.0, p75=0.0, p95=0.0, p98=0.0, p99=0.0, p999=0.0, mean_rate=0.0, m1=0.0, m5=0.0, m15=0.0, rate_unit=events/millisecond, duration_unit=milliseconds
type=TIMER, name=org.jasig.cas.CentralAuthenticationServiceImpl.VALIDATE_SERVICE_TICKET_TIMER, count=0, min=0.0, max=0.0, mean=0.0, stddev=0.0, median=0.0, p75=0.0, p95=0.0, p98=0.0, p99=0.0, p999=0.0, mean_rate=0.0, m1=0.0, m5=0.0, m15=0.0, rate_unit=events/millisecond, duration_unit=milliseconds
type=GAUGE, name=jvm.fd.usage, value=NaN
type=GAUGE, name=jvm.gc.PS-MarkSweep.count, value=4
type=GAUGE, name=jvm.gc.PS-MarkSweep.time, value=1778
type=GAUGE, name=jvm.gc.PS-Scavenge.count, value=34
type=GAUGE, name=jvm.gc.PS-Scavenge.time, value=929
type=GAUGE, name=jvm.memory.heap.committed, value=424148992
type=GAUGE, name=jvm.memory.heap.init, value=67108864
type=GAUGE, name=jvm.memory.heap.max, value=935854080
type=GAUGE, name=jvm.memory.heap.usage, value=0.3222462544588148
type=GAUGE, name=jvm.memory.heap.used, value=301575472
type=GAUGE, name=jvm.memory.non-heap.committed, value=141164544
type=GAUGE, name=jvm.memory.non-heap.init, value=2555904
type=GAUGE, name=jvm.memory.non-heap.max, value=-1
type=GAUGE, name=jvm.memory.non-heap.usage, value=-1.38209544E8
type=GAUGE, name=jvm.memory.non-heap.used, value=138209544
type=GAUGE, name=jvm.memory.pools.Code-Cache.committed, value=37355520
type=GAUGE, name=jvm.memory.pools.Code-Cache.init, value=2555904
type=GAUGE, name=jvm.memory.pools.Code-Cache.max, value=251658240
type=GAUGE, name=jvm.memory.pools.Code-Cache.usage, value=0.14545542399088543
type=GAUGE, name=jvm.memory.pools.Code-Cache.used, value=36605056
type=GAUGE, name=jvm.memory.pools.Compressed-Class-Space.committed, value=11010048
type=GAUGE, name=jvm.memory.pools.Compressed-Class-Space.init, value=0
type=GAUGE, name=jvm.memory.pools.Compressed-Class-Space.max, value=1073741824
type=GAUGE, name=jvm.memory.pools.Compressed-Class-Space.usage, value=0.009823933243751526
type=GAUGE, name=jvm.memory.pools.Compressed-Class-Space.used, value=10548368
type=GAUGE, name=jvm.memory.pools.Metaspace.committed, value=92798976
type=GAUGE, name=jvm.memory.pools.Metaspace.init, value=0
type=GAUGE, name=jvm.memory.pools.Metaspace.max, value=-1
type=GAUGE, name=jvm.memory.pools.Metaspace.usage, value=0.9812190168994969
type=GAUGE, name=jvm.memory.pools.Metaspace.used, value=91056120
type=GAUGE, name=jvm.memory.pools.PS-Eden-Space.committed, value=235929600
type=GAUGE, name=jvm.memory.pools.PS-Eden-Space.init, value=16777216
type=GAUGE, name=jvm.memory.pools.PS-Eden-Space.max, value=251658240
type=GAUGE, name=jvm.memory.pools.PS-Eden-Space.usage, value=0.8583484967549642
type=GAUGE, name=jvm.memory.pools.PS-Eden-Space.used, value=216010472
type=GAUGE, name=jvm.memory.pools.PS-Old-Gen.committed, value=141557760
type=GAUGE, name=jvm.memory.pools.PS-Old-Gen.init, value=45088768
type=GAUGE, name=jvm.memory.pools.PS-Old-Gen.max, value=702021632
type=GAUGE, name=jvm.memory.pools.PS-Old-Gen.usage, value=0.12188370856355606
type=GAUGE, name=jvm.memory.pools.PS-Old-Gen.used, value=85565000
type=GAUGE, name=jvm.memory.pools.PS-Survivor-Space.committed, value=46661632
type=GAUGE, name=jvm.memory.pools.PS-Survivor-Space.init, value=2621440
type=GAUGE, name=jvm.memory.pools.PS-Survivor-Space.max, value=46661632
type=GAUGE, name=jvm.memory.pools.PS-Survivor-Space.usage, value=0.0
type=GAUGE, name=jvm.memory.pools.PS-Survivor-Space.used, value=0
type=GAUGE, name=jvm.memory.total.committed, value=565313536
type=GAUGE, name=jvm.memory.total.init, value=69664768
type=GAUGE, name=jvm.memory.total.max, value=935854079
type=GAUGE, name=jvm.memory.total.used, value=439785016
type=GAUGE, name=jvm.thread-states.blocked.count, value=0
type=GAUGE, name=jvm.thread-states.count, value=35
type=GAUGE, name=jvm.thread-states.daemon.count, value=23
type=GAUGE, name=jvm.thread-states.deadlock.count, value=0
type=GAUGE, name=jvm.thread-states.deadlocks, value=[]
type=GAUGE, name=jvm.thread-states.new.count, value=0
type=GAUGE, name=jvm.thread-states.runnable.count, value=7
type=GAUGE, name=jvm.thread-states.terminated.count, value=0
type=GAUGE, name=jvm.thread-states.timed_waiting.count, value=14
type=GAUGE, name=jvm.thread-states.waiting.count, value=14
type=METER, name=org.jasig.cas.CentralAuthenticationServiceImpl.CREATE_TICKET_GRANTING_TICKET_METER, count=0, mean_rate=0.0, m1=0.0, m5=0.0, m15=0.0, rate_unit=events/millisecond
type=METER, name=org.jasig.cas.CentralAuthenticationServiceImpl.DESTROY_TICKET_GRANTING_TICKET_METER, count=0, mean_rate=0.0, m1=0.0, m5=0.0, m15=0.0, rate_unit=events/millisecond
type=METER, name=org.jasig.cas.CentralAuthenticationServiceImpl.GET_TICKETS_METER, count=1, mean_rate=0.0, m1=0.0, m5=0.0, m15=0.0, rate_unit=events/millisecond
type=METER, name=org.jasig.cas.CentralAuthenticationServiceImpl.GET_TICKET_METER, count=0, mean_rate=0.0, m1=0.0, m5=0.0, m15=0.0, rate_unit=events/millisecond
type=METER, name=org.jasig.cas.CentralAuthenticationServiceImpl.GRANT_PROXY_GRANTING_TICKET_METER, count=0, mean_rate=0.0, m1=0.0, m5=0.0, m15=0.0, rate_unit=events/millisecond
type=METER, name=org.jasig.cas.CentralAuthenticationServiceImpl.GRANT_SERVICE_TICKET_METER, count=0, mean_rate=0.0, m1=0.0, m5=0.0, m15=0.0, rate_unit=events/millisecond
type=METER, name=org.jasig.cas.CentralAuthenticationServiceImpl.VALIDATE_SERVICE_TICKET_METER, count=0, mean_rate=0.0, m1=0.0, m5=0.0, m15=0.0, rate_unit=events/millisecond
type=TIMER, name=org.jasig.cas.CentralAuthenticationServiceImpl.CREATE_TICKET_GRANTING_TICKET_TIMER, count=0, min=0.0, max=0.0, mean=0.0, stddev=0.0, median=0.0, p75=0.0, p95=0.0, p98=0.0, p99=0.0, p999=0.0, mean_rate=0.0, m1=0.0, m5=0.0, m15=0.0, rate_unit=events/millisecond, duration_unit=milliseconds
type=TIMER, name=org.jasig.cas.CentralAuthenticationServiceImpl.DESTROY_TICKET_GRANTING_TICKET_TIMER, count=0, min=0.0, max=0.0, mean=0.0, stddev=0.0, median=0.0, p75=0.0, p95=0.0, p98=0.0, p99=0.0, p999=0.0, mean_rate=0.0, m1=0.0, m5=0.0, m15=0.0, rate_unit=events/millisecond, duration_unit=milliseconds
type=TIMER, name=org.jasig.cas.CentralAuthenticationServiceImpl.GET_TICKETS_TIMER, count=1, min=3.216274, max=3.216274, mean=3.216274, stddev=0.0, median=3.216274, p75=3.216274, p95=3.216274, p98=3.216274, p99=3.216274, p999=3.216274, mean_rate=0.0, m1=0.0, m5=0.0, m15=0.0, rate_unit=events/millisecond, duration_unit=milliseconds
type=TIMER, name=org.jasig.cas.CentralAuthenticationServiceImpl.GET_TICKET_TIMER, count=0, min=0.0, max=0.0, mean=0.0, stddev=0.0, median=0.0, p75=0.0, p95=0.0, p98=0.0, p99=0.0, p999=0.0, mean_rate=0.0, m1=0.0, m5=0.0, m15=0.0, rate_unit=events/millisecond, duration_unit=milliseconds
type=TIMER, name=org.jasig.cas.CentralAuthenticationServiceImpl.GRANT_PROXY_GRANTING_TICKET_TIMER, count=0, min=0.0, max=0.0, mean=0.0, stddev=0.0, median=0.0, p75=0.0, p95=0.0, p98=0.0, p99=0.0, p999=0.0, mean_rate=0.0, m1=0.0, m5=0.0, m15=0.0, rate_unit=events/millisecond, duration_unit=milliseconds
type=TIMER, name=org.jasig.cas.CentralAuthenticationServiceImpl.GRANT_SERVICE_TICKET_TIMER, count=0, min=0.0, max=0.0, mean=0.0, stddev=0.0, median=0.0, p75=0.0, p95=0.0, p98=0.0, p99=0.0, p999=0.0, mean_rate=0.0, m1=0.0, m5=0.0, m15=0.0, rate_unit=events/millisecond, duration_unit=milliseconds
type=TIMER, name=org.jasig.cas.CentralAuthenticationServiceImpl.VALIDATE_SERVICE_TICKET_TIMER, count=0, min=0.0, max=0.0, mean=0.0, stddev=0.0, median=0.0, p75=0.0, p95=0.0, p98=0.0, p99=0.0, p999=0.0, mean_rate=0.0, m1=0.0, m5=0.0, m15=0.0, rate_unit=events/millisecond, duration_unit=milliseconds
type=GAUGE, name=jvm.fd.usage, value=NaN
type=GAUGE, name=jvm.gc.PS-MarkSweep.count, value=4
type=GAUGE, name=jvm.gc.PS-MarkSweep.time, value=1778
type=GAUGE, name=jvm.gc.PS-Scavenge.count, value=34
type=GAUGE, name=jvm.gc.PS-Scavenge.time, value=929
type=GAUGE, name=jvm.memory.heap.committed, value=424148992
type=GAUGE, name=jvm.memory.heap.init, value=67108864
type=GAUGE, name=jvm.memory.heap.max, value=935854080
type=GAUGE, name=jvm.memory.heap.usage, value=0.3222462544588148
type=GAUGE, name=jvm.memory.heap.used, value=301575472
type=GAUGE, name=jvm.memory.non-heap.committed, value=141164544
type=GAUGE, name=jvm.memory.non-heap.init, value=2555904
type=GAUGE, name=jvm.memory.non-heap.max, value=-1
type=GAUGE, name=jvm.memory.non-heap.usage, value=-1.38209544E8
type=GAUGE, name=jvm.memory.non-heap.used, value=138209544
type=GAUGE, name=jvm.memory.pools.Code-Cache.committed, value=37355520
type=GAUGE, name=jvm.memory.pools.Code-Cache.init, value=2555904
type=GAUGE, name=jvm.memory.pools.Code-Cache.max, value=251658240
type=GAUGE, name=jvm.memory.pools.Code-Cache.usage, value=0.14545542399088543
type=GAUGE, name=jvm.memory.pools.Code-Cache.used, value=36605056
type=GAUGE, name=jvm.memory.pools.Compressed-Class-Space.committed, value=11010048
type=GAUGE, name=jvm.memory.pools.Compressed-Class-Space.init, value=0
type=GAUGE, name=jvm.memory.pools.Compressed-Class-Space.max, value=1073741824
type=GAUGE, name=jvm.memory.pools.Compressed-Class-Space.usage, value=0.009823933243751526
type=GAUGE, name=jvm.memory.pools.Compressed-Class-Space.used, value=10548368
type=GAUGE, name=jvm.memory.pools.Metaspace.committed, value=92798976
type=GAUGE, name=jvm.memory.pools.Metaspace.init, value=0
type=GAUGE, name=jvm.memory.pools.Metaspace.max, value=-1
type=GAUGE, name=jvm.memory.pools.Metaspace.usage, value=0.9812190168994969
type=GAUGE, name=jvm.memory.pools.Metaspace.used, value=91056120
type=GAUGE, name=jvm.memory.pools.PS-Eden-Space.committed, value=235929600
type=GAUGE, name=jvm.memory.pools.PS-Eden-Space.init, value=16777216
type=GAUGE, name=jvm.memory.pools.PS-Eden-Space.max, value=251658240
type=GAUGE, name=jvm.memory.pools.PS-Eden-Space.usage, value=0.8583484967549642
type=GAUGE, name=jvm.memory.pools.PS-Eden-Space.used, value=216010472
type=GAUGE, name=jvm.memory.pools.PS-Old-Gen.committed, value=141557760
type=GAUGE, name=jvm.memory.pools.PS-Old-Gen.init, value=45088768
type=GAUGE, name=jvm.memory.pools.PS-Old-Gen.max, value=702021632
type=GAUGE, name=jvm.memory.pools.PS-Old-Gen.usage, value=0.12188370856355606
type=GAUGE, name=jvm.memory.pools.PS-Old-Gen.used, value=85565000
type=GAUGE, name=jvm.memory.pools.PS-Survivor-Space.committed, value=46661632
type=GAUGE, name=jvm.memory.pools.PS-Survivor-Space.init, value=2621440
type=GAUGE, name=jvm.memory.pools.PS-Survivor-Space.max, value=46661632
type=GAUGE, name=jvm.memory.pools.PS-Survivor-Space.usage, value=0.0
type=GAUGE, name=jvm.memory.pools.PS-Survivor-Space.used, value=0
type=GAUGE, name=jvm.memory.total.committed, value=565313536
type=GAUGE, name=jvm.memory.total.init, value=69664768
type=GAUGE, name=jvm.memory.total.max, value=935854079
type=GAUGE, name=jvm.memory.total.used, value=439785016
type=GAUGE, name=jvm.thread-states.blocked.count, value=0
type=GAUGE, name=jvm.thread-states.count, value=35
type=GAUGE, name=jvm.thread-states.daemon.count, value=23
type=GAUGE, name=jvm.thread-states.deadlock.count, value=0
type=GAUGE, name=jvm.thread-states.deadlocks, value=[]
type=GAUGE, name=jvm.thread-states.new.count, value=0
type=GAUGE, name=jvm.thread-states.runnable.count, value=7
type=GAUGE, name=jvm.thread-states.terminated.count, value=0
type=GAUGE, name=jvm.thread-states.timed_waiting.count, value=14
type=GAUGE, name=jvm.thread-states.waiting.count, value=14
type=METER, name=org.jasig.cas.CentralAuthenticationServiceImpl.CREATE_TICKET_GRANTING_TICKET_METER, count=0, mean_rate=0.0, m1=0.0, m5=0.0, m15=0.0, rate_unit=events/millisecond
type=METER, name=org.jasig.cas.CentralAuthenticationServiceImpl.DESTROY_TICKET_GRANTING_TICKET_METER, count=0, mean_rate=0.0, m1=0.0, m5=0.0, m15=0.0, rate_unit=events/millisecond
type=METER, name=org.jasig.cas.CentralAuthenticationServiceImpl.GET_TICKETS_METER, count=1, mean_rate=0.0, m1=0.0, m5=0.0, m15=0.0, rate_unit=events/millisecond
type=METER, name=org.jasig.cas.CentralAuthenticationServiceImpl.GET_TICKET_METER, count=0, mean_rate=0.0, m1=0.0, m5=0.0, m15=0.0, rate_unit=events/millisecond
type=METER, name=org.jasig.cas.CentralAuthenticationServiceImpl.GRANT_PROXY_GRANTING_TICKET_METER, count=0, mean_rate=0.0, m1=0.0, m5=0.0, m15=0.0, rate_unit=events/millisecond
type=METER, name=org.jasig.cas.CentralAuthenticationServiceImpl.GRANT_SERVICE_TICKET_METER, count=0, mean_rate=0.0, m1=0.0, m5=0.0, m15=0.0, rate_unit=events/millisecond
type=METER, name=org.jasig.cas.CentralAuthenticationServiceImpl.VALIDATE_SERVICE_TICKET_METER, count=0, mean_rate=0.0, m1=0.0, m5=0.0, m15=0.0, rate_unit=events/millisecond
type=TIMER, name=org.jasig.cas.CentralAuthenticationServiceImpl.CREATE_TICKET_GRANTING_TICKET_TIMER, count=0, min=0.0, max=0.0, mean=0.0, stddev=0.0, median=0.0, p75=0.0, p95=0.0, p98=0.0, p99=0.0, p999=0.0, mean_rate=0.0, m1=0.0, m5=0.0, m15=0.0, rate_unit=events/millisecond, duration_unit=milliseconds
type=TIMER, name=org.jasig.cas.CentralAuthenticationServiceImpl.DESTROY_TICKET_GRANTING_TICKET_TIMER, count=0, min=0.0, max=0.0, mean=0.0, stddev=0.0, median=0.0, p75=0.0, p95=0.0, p98=0.0, p99=0.0, p999=0.0, mean_rate=0.0, m1=0.0, m5=0.0, m15=0.0, rate_unit=events/millisecond, duration_unit=milliseconds
type=TIMER, name=org.jasig.cas.CentralAuthenticationServiceImpl.GET_TICKETS_TIMER, count=1, min=3.216274, max=3.216274, mean=3.216274, stddev=0.0, median=3.216274, p75=3.216274, p95=3.216274, p98=3.216274, p99=3.216274, p999=3.216274, mean_rate=0.0, m1=0.0, m5=0.0, m15=0.0, rate_unit=events/millisecond, duration_unit=milliseconds
type=TIMER, name=org.jasig.cas.CentralAuthenticationServiceImpl.GET_TICKET_TIMER, count=0, min=0.0, max=0.0, mean=0.0, stddev=0.0, median=0.0, p75=0.0, p95=0.0, p98=0.0, p99=0.0, p999=0.0, mean_rate=0.0, m1=0.0, m5=0.0, m15=0.0, rate_unit=events/millisecond, duration_unit=milliseconds
type=TIMER, name=org.jasig.cas.CentralAuthenticationServiceImpl.GRANT_PROXY_GRANTING_TICKET_TIMER, count=0, min=0.0, max=0.0, mean=0.0, stddev=0.0, median=0.0, p75=0.0, p95=0.0, p98=0.0, p99=0.0, p999=0.0, mean_rate=0.0, m1=0.0, m5=0.0, m15=0.0, rate_unit=events/millisecond, duration_unit=milliseconds
type=TIMER, name=org.jasig.cas.CentralAuthenticationServiceImpl.GRANT_SERVICE_TICKET_TIMER, count=0, min=0.0, max=0.0, mean=0.0, stddev=0.0, median=0.0, p75=0.0, p95=0.0, p98=0.0, p99=0.0, p999=0.0, mean_rate=0.0, m1=0.0, m5=0.0, m15=0.0, rate_unit=events/millisecond, duration_unit=milliseconds
type=TIMER, name=org.jasig.cas.CentralAuthenticationServiceImpl.VALIDATE_SERVICE_TICKET_TIMER, count=0, min=0.0, max=0.0, mean=0.0, stddev=0.0, median=0.0, p75=0.0, p95=0.0, p98=0.0, p99=0.0, p999=0.0, mean_rate=0.0, m1=0.0, m5=0.0, m15=0.0, rate_unit=events/millisecond, duration_unit=milliseconds
type=GAUGE, name=jvm.fd.usage, value=NaN
type=GAUGE, name=jvm.gc.PS-MarkSweep.count, value=4
type=GAUGE, name=jvm.gc.PS-MarkSweep.time, value=1778
type=GAUGE, name=jvm.gc.PS-Scavenge.count, value=34
type=GAUGE, name=jvm.gc.PS-Scavenge.time, value=929
type=GAUGE, name=jvm.memory.heap.committed, value=424148992
type=GAUGE, name=jvm.memory.heap.init, value=67108864
type=GAUGE, name=jvm.memory.heap.max, value=935854080
type=GAUGE, name=jvm.memory.heap.usage, value=0.32392700366279326
type=GAUGE, name=jvm.memory.heap.used, value=303148408
type=GAUGE, name=jvm.memory.non-heap.committed, value=141164544
type=GAUGE, name=jvm.memory.non-heap.init, value=2555904
type=GAUGE, name=jvm.memory.non-heap.max, value=-1
type=GAUGE, name=jvm.memory.non-heap.usage, value=-1.38238536E8
type=GAUGE, name=jvm.memory.non-heap.used, value=138238536
type=GAUGE, name=jvm.memory.pools.Code-Cache.committed, value=37355520
type=GAUGE, name=jvm.memory.pools.Code-Cache.init, value=2555904
type=GAUGE, name=jvm.memory.pools.Code-Cache.max, value=251658240
type=GAUGE, name=jvm.memory.pools.Code-Cache.usage, value=0.1455535888671875
type=GAUGE, name=jvm.memory.pools.Code-Cache.used, value=36629760
type=GAUGE, name=jvm.memory.pools.Compressed-Class-Space.committed, value=11010048
type=GAUGE, name=jvm.memory.pools.Compressed-Class-Space.init, value=0
type=GAUGE, name=jvm.memory.pools.Compressed-Class-Space.max, value=1073741824
type=GAUGE, name=jvm.memory.pools.Compressed-Class-Space.usage, value=0.009823933243751526
type=GAUGE, name=jvm.memory.pools.Compressed-Class-Space.used, value=10548368
type=GAUGE, name=jvm.memory.pools.Metaspace.committed, value=92798976
type=GAUGE, name=jvm.memory.pools.Metaspace.init, value=0
type=GAUGE, name=jvm.memory.pools.Metaspace.max, value=-1
type=GAUGE, name=jvm.memory.pools.Metaspace.usage, value=0.9812652243059233
type=GAUGE, name=jvm.memory.pools.Metaspace.used, value=91060408
type=GAUGE, name=jvm.memory.pools.PS-Eden-Space.committed, value=235929600
type=GAUGE, name=jvm.memory.pools.PS-Eden-Space.init, value=16777216
type=GAUGE, name=jvm.memory.pools.PS-Eden-Space.max, value=251658240
type=GAUGE, name=jvm.memory.pools.PS-Eden-Space.usage, value=0.8645987828572591
type=GAUGE, name=jvm.memory.pools.PS-Eden-Space.used, value=217583408
type=GAUGE, name=jvm.memory.pools.PS-Old-Gen.committed, value=141557760
type=GAUGE, name=jvm.memory.pools.PS-Old-Gen.init, value=45088768
type=GAUGE, name=jvm.memory.pools.PS-Old-Gen.max, value=702021632
type=GAUGE, name=jvm.memory.pools.PS-Old-Gen.usage, value=0.12188370856355606
type=GAUGE, name=jvm.memory.pools.PS-Old-Gen.used, value=85565000
type=GAUGE, name=jvm.memory.pools.PS-Survivor-Space.committed, value=46661632
type=GAUGE, name=jvm.memory.pools.PS-Survivor-Space.init, value=2621440
type=GAUGE, name=jvm.memory.pools.PS-Survivor-Space.max, value=46661632
type=GAUGE, name=jvm.memory.pools.PS-Survivor-Space.usage, value=0.0
type=GAUGE, name=jvm.memory.pools.PS-Survivor-Space.used, value=0
type=GAUGE, name=jvm.memory.total.committed, value=565313536
type=GAUGE, name=jvm.memory.total.init, value=69664768
type=GAUGE, name=jvm.memory.total.max, value=935854079
type=GAUGE, name=jvm.memory.total.used, value=441386944
type=GAUGE, name=jvm.thread-states.blocked.count, value=0
type=GAUGE, name=jvm.thread-states.count, value=35
type=GAUGE, name=jvm.thread-states.daemon.count, value=23
type=GAUGE, name=jvm.thread-states.deadlock.count, value=0
type=GAUGE, name=jvm.thread-states.deadlocks, value=[]
type=GAUGE, name=jvm.thread-states.new.count, value=0
type=GAUGE, name=jvm.thread-states.runnable.count, value=7
type=GAUGE, name=jvm.thread-states.terminated.count, value=0
type=GAUGE, name=jvm.thread-states.timed_waiting.count, value=14
type=GAUGE, name=jvm.thread-states.waiting.count, value=14
type=METER, name=org.jasig.cas.CentralAuthenticationServiceImpl.CREATE_TICKET_GRANTING_TICKET_METER, count=0, mean_rate=0.0, m1=0.0, m5=0.0, m15=0.0, rate_unit=events/millisecond
type=METER, name=org.jasig.cas.CentralAuthenticationServiceImpl.DESTROY_TICKET_GRANTING_TICKET_METER, count=0, mean_rate=0.0, m1=0.0, m5=0.0, m15=0.0, rate_unit=events/millisecond
type=METER, name=org.jasig.cas.CentralAuthenticationServiceImpl.GET_TICKETS_METER, count=1, mean_rate=0.0, m1=0.0, m5=0.0, m15=0.0, rate_unit=events/millisecond
type=METER, name=org.jasig.cas.CentralAuthenticationServiceImpl.GET_TICKET_METER, count=0, mean_rate=0.0, m1=0.0, m5=0.0, m15=0.0, rate_unit=events/millisecond
type=METER, name=org.jasig.cas.CentralAuthenticationServiceImpl.GRANT_PROXY_GRANTING_TICKET_METER, count=0, mean_rate=0.0, m1=0.0, m5=0.0, m15=0.0, rate_unit=events/millisecond
type=METER, name=org.jasig.cas.CentralAuthenticationServiceImpl.GRANT_SERVICE_TICKET_METER, count=0, mean_rate=0.0, m1=0.0, m5=0.0, m15=0.0, rate_unit=events/millisecond
type=METER, name=org.jasig.cas.CentralAuthenticationServiceImpl.VALIDATE_SERVICE_TICKET_METER, count=0, mean_rate=0.0, m1=0.0, m5=0.0, m15=0.0, rate_unit=events/millisecond
type=TIMER, name=org.jasig.cas.CentralAuthenticationServiceImpl.CREATE_TICKET_GRANTING_TICKET_TIMER, count=0, min=0.0, max=0.0, mean=0.0, stddev=0.0, median=0.0, p75=0.0, p95=0.0, p98=0.0, p99=0.0, p999=0.0, mean_rate=0.0, m1=0.0, m5=0.0, m15=0.0, rate_unit=events/millisecond, duration_unit=milliseconds
type=TIMER, name=org.jasig.cas.CentralAuthenticationServiceImpl.DESTROY_TICKET_GRANTING_TICKET_TIMER, count=0, min=0.0, max=0.0, mean=0.0, stddev=0.0, median=0.0, p75=0.0, p95=0.0, p98=0.0, p99=0.0, p999=0.0, mean_rate=0.0, m1=0.0, m5=0.0, m15=0.0, rate_unit=events/millisecond, duration_unit=milliseconds
type=TIMER, name=org.jasig.cas.CentralAuthenticationServiceImpl.GET_TICKETS_TIMER, count=1, min=3.216274, max=3.216274, mean=3.216274, stddev=0.0, median=3.216274, p75=3.216274, p95=3.216274, p98=3.216274, p99=3.216274, p999=3.216274, mean_rate=0.0, m1=0.0, m5=0.0, m15=0.0, rate_unit=events/millisecond, duration_unit=milliseconds
type=TIMER, name=org.jasig.cas.CentralAuthenticationServiceImpl.GET_TICKET_TIMER, count=0, min=0.0, max=0.0, mean=0.0, stddev=0.0, median=0.0, p75=0.0, p95=0.0, p98=0.0, p99=0.0, p999=0.0, mean_rate=0.0, m1=0.0, m5=0.0, m15=0.0, rate_unit=events/millisecond, duration_unit=milliseconds
type=TIMER, name=org.jasig.cas.CentralAuthenticationServiceImpl.GRANT_PROXY_GRANTING_TICKET_TIMER, count=0, min=0.0, max=0.0, mean=0.0, stddev=0.0, median=0.0, p75=0.0, p95=0.0, p98=0.0, p99=0.0, p999=0.0, mean_rate=0.0, m1=0.0, m5=0.0, m15=0.0, rate_unit=events/millisecond, duration_unit=milliseconds
type=TIMER, name=org.jasig.cas.CentralAuthenticationServiceImpl.GRANT_SERVICE_TICKET_TIMER, count=0, min=0.0, max=0.0, mean=0.0, stddev=0.0, median=0.0, p75=0.0, p95=0.0, p98=0.0, p99=0.0, p999=0.0, mean_rate=0.0, m1=0.0, m5=0.0, m15=0.0, rate_unit=events/millisecond, duration_unit=milliseconds
type=TIMER, name=org.jasig.cas.CentralAuthenticationServiceImpl.VALIDATE_SERVICE_TICKET_TIMER, count=0, min=0.0, max=0.0, mean=0.0, stddev=0.0, median=0.0, p75=0.0, p95=0.0, p98=0.0, p99=0.0, p999=0.0, mean_rate=0.0, m1=0.0, m5=0.0, m15=0.0, rate_unit=events/millisecond, duration_unit=milliseconds
type=GAUGE, name=jvm.fd.usage, value=NaN
type=GAUGE, name=jvm.gc.PS-MarkSweep.count, value=4
type=GAUGE, name=jvm.gc.PS-MarkSweep.time, value=1778
type=GAUGE, name=jvm.gc.PS-Scavenge.count, value=34
type=GAUGE, name=jvm.gc.PS-Scavenge.time, value=929
type=GAUGE, name=jvm.memory.heap.committed, value=424148992
type=GAUGE, name=jvm.memory.heap.init, value=67108864
type=GAUGE, name=jvm.memory.heap.max, value=935854080
type=GAUGE, name=jvm.memory.heap.usage, value=0.32392700366279326
type=GAUGE, name=jvm.memory.heap.used, value=303148408
type=GAUGE, name=jvm.memory.non-heap.committed, value=141164544
type=GAUGE, name=jvm.memory.non-heap.init, value=2555904
type=GAUGE, name=jvm.memory.non-heap.max, value=-1
type=GAUGE, name=jvm.memory.non-heap.usage, value=-1.38242888E8
type=GAUGE, name=jvm.memory.non-heap.used, value=138242888
type=GAUGE, name=jvm.memory.pools.Code-Cache.committed, value=37355520
type=GAUGE, name=jvm.memory.pools.Code-Cache.init, value=2555904
type=GAUGE, name=jvm.memory.pools.Code-Cache.max, value=251658240
type=GAUGE, name=jvm.memory.pools.Code-Cache.usage, value=0.14556910196940104
type=GAUGE, name=jvm.memory.pools.Code-Cache.used, value=36633664
type=GAUGE, name=jvm.memory.pools.Compressed-Class-Space.committed, value=11010048
type=GAUGE, name=jvm.memory.pools.Compressed-Class-Space.init, value=0
type=GAUGE, name=jvm.memory.pools.Compressed-Class-Space.max, value=1073741824
type=GAUGE, name=jvm.memory.pools.Compressed-Class-Space.usage, value=0.009823933243751526
type=GAUGE, name=jvm.memory.pools.Compressed-Class-Space.used, value=10548368
type=GAUGE, name=jvm.memory.pools.Metaspace.committed, value=92798976
type=GAUGE, name=jvm.memory.pools.Metaspace.init, value=0
type=GAUGE, name=jvm.memory.pools.Metaspace.max, value=-1
type=GAUGE, name=jvm.memory.pools.Metaspace.usage, value=0.9812700519454007
type=GAUGE, name=jvm.memory.pools.Metaspace.used, value=91060856
type=GAUGE, name=jvm.memory.pools.PS-Eden-Space.committed, value=235929600
type=GAUGE, name=jvm.memory.pools.PS-Eden-Space.init, value=16777216
type=GAUGE, name=jvm.memory.pools.PS-Eden-Space.max, value=251658240
type=GAUGE, name=jvm.memory.pools.PS-Eden-Space.usage, value=0.8645987828572591
type=GAUGE, name=jvm.memory.pools.PS-Eden-Space.used, value=217583408
type=GAUGE, name=jvm.memory.pools.PS-Old-Gen.committed, value=141557760
type=GAUGE, name=jvm.memory.pools.PS-Old-Gen.init, value=45088768
type=GAUGE, name=jvm.memory.pools.PS-Old-Gen.max, value=702021632
type=GAUGE, name=jvm.memory.pools.PS-Old-Gen.usage, value=0.12188370856355606
type=GAUGE, name=jvm.memory.pools.PS-Old-Gen.used, value=85565000
type=GAUGE, name=jvm.memory.pools.PS-Survivor-Space.committed, value=46661632
type=GAUGE, name=jvm.memory.pools.PS-Survivor-Space.init, value=2621440
type=GAUGE, name=jvm.memory.pools.PS-Survivor-Space.max, value=46661632
type=GAUGE, name=jvm.memory.pools.PS-Survivor-Space.usage, value=0.0
type=GAUGE, name=jvm.memory.pools.PS-Survivor-Space.used, value=0
type=GAUGE, name=jvm.memory.total.committed, value=565313536
type=GAUGE, name=jvm.memory.total.init, value=69664768
type=GAUGE, name=jvm.memory.total.max, value=935854079
type=GAUGE, name=jvm.memory.total.used, value=442964392
type=GAUGE, name=jvm.thread-states.blocked.count, value=0
type=GAUGE, name=jvm.thread-states.count, value=35
type=GAUGE, name=jvm.thread-states.daemon.count, value=23
type=GAUGE, name=jvm.thread-states.deadlock.count, value=0
type=GAUGE, name=jvm.thread-states.deadlocks, value=[]
type=GAUGE, name=jvm.thread-states.new.count, value=0
type=GAUGE, name=jvm.thread-states.runnable.count, value=7
type=GAUGE, name=jvm.thread-states.terminated.count, value=0
type=GAUGE, name=jvm.thread-states.timed_waiting.count, value=14
type=GAUGE, name=jvm.thread-states.waiting.count, value=14
type=METER, name=org.jasig.cas.CentralAuthenticationServiceImpl.CREATE_TICKET_GRANTING_TICKET_METER, count=0, mean_rate=0.0, m1=0.0, m5=0.0, m15=0.0, rate_unit=events/millisecond
type=METER, name=org.jasig.cas.CentralAuthenticationServiceImpl.DESTROY_TICKET_GRANTING_TICKET_METER, count=0, mean_rate=0.0, m1=0.0, m5=0.0, m15=0.0, rate_unit=events/millisecond
type=METER, name=org.jasig.cas.CentralAuthenticationServiceImpl.GET_TICKETS_METER, count=1, mean_rate=0.0, m1=0.0, m5=0.0, m15=0.0, rate_unit=events/millisecond
type=METER, name=org.jasig.cas.CentralAuthenticationServiceImpl.GET_TICKET_METER, count=0, mean_rate=0.0, m1=0.0, m5=0.0, m15=0.0, rate_unit=events/millisecond
type=METER, name=org.jasig.cas.CentralAuthenticationServiceImpl.GRANT_PROXY_GRANTING_TICKET_METER, count=0, mean_rate=0.0, m1=0.0, m5=0.0, m15=0.0, rate_unit=events/millisecond
type=METER, name=org.jasig.cas.CentralAuthenticationServiceImpl.GRANT_SERVICE_TICKET_METER, count=0, mean_rate=0.0, m1=0.0, m5=0.0, m15=0.0, rate_unit=events/millisecond
type=METER, name=org.jasig.cas.CentralAuthenticationServiceImpl.VALIDATE_SERVICE_TICKET_METER, count=0, mean_rate=0.0, m1=0.0, m5=0.0, m15=0.0, rate_unit=events/millisecond
type=TIMER, name=org.jasig.cas.CentralAuthenticationServiceImpl.CREATE_TICKET_GRANTING_TICKET_TIMER, count=0, min=0.0, max=0.0, mean=0.0, stddev=0.0, median=0.0, p75=0.0, p95=0.0, p98=0.0, p99=0.0, p999=0.0, mean_rate=0.0, m1=0.0, m5=0.0, m15=0.0, rate_unit=events/millisecond, duration_unit=milliseconds
type=TIMER, name=org.jasig.cas.CentralAuthenticationServiceImpl.DESTROY_TICKET_GRANTING_TICKET_TIMER, count=0, min=0.0, max=0.0, mean=0.0, stddev=0.0, median=0.0, p75=0.0, p95=0.0, p98=0.0, p99=0.0, p999=0.0, mean_rate=0.0, m1=0.0, m5=0.0, m15=0.0, rate_unit=events/millisecond, duration_unit=milliseconds
type=TIMER, name=org.jasig.cas.CentralAuthenticationServiceImpl.GET_TICKETS_TIMER, count=1, min=3.216274, max=3.216274, mean=3.216274, stddev=0.0, median=3.216274, p75=3.216274, p95=3.216274, p98=3.216274, p99=3.216274, p999=3.216274, mean_rate=0.0, m1=0.0, m5=0.0, m15=0.0, rate_unit=events/millisecond, duration_unit=milliseconds
type=TIMER, name=org.jasig.cas.CentralAuthenticationServiceImpl.GET_TICKET_TIMER, count=0, min=0.0, max=0.0, mean=0.0, stddev=0.0, median=0.0, p75=0.0, p95=0.0, p98=0.0, p99=0.0, p999=0.0, mean_rate=0.0, m1=0.0, m5=0.0, m15=0.0, rate_unit=events/millisecond, duration_unit=milliseconds
type=TIMER, name=org.jasig.cas.CentralAuthenticationServiceImpl.GRANT_PROXY_GRANTING_TICKET_TIMER, count=0, min=0.0, max=0.0, mean=0.0, stddev=0.0, median=0.0, p75=0.0, p95=0.0, p98=0.0, p99=0.0, p999=0.0, mean_rate=0.0, m1=0.0, m5=0.0, m15=0.0, rate_unit=events/millisecond, duration_unit=milliseconds
type=TIMER, name=org.jasig.cas.CentralAuthenticationServiceImpl.GRANT_SERVICE_TICKET_TIMER, count=0, min=0.0, max=0.0, mean=0.0, stddev=0.0, median=0.0, p75=0.0, p95=0.0, p98=0.0, p99=0.0, p999=0.0, mean_rate=0.0, m1=0.0, m5=0.0, m15=0.0, rate_unit=events/millisecond, duration_unit=milliseconds
type=TIMER, name=org.jasig.cas.CentralAuthenticationServiceImpl.VALIDATE_SERVICE_TICKET_TIMER, count=0, min=0.0, max=0.0, mean=0.0, stddev=0.0, median=0.0, p75=0.0, p95=0.0, p98=0.0, p99=0.0, p999=0.0, mean_rate=0.0, m1=0.0, m5=0.0, m15=0.0, rate_unit=events/millisecond, duration_unit=milliseconds
type=GAUGE, name=jvm.fd.usage, value=NaN
type=GAUGE, name=jvm.gc.PS-MarkSweep.count, value=4
type=GAUGE, name=jvm.gc.PS-MarkSweep.time, value=1778
type=GAUGE, name=jvm.gc.PS-Scavenge.count, value=34
type=GAUGE, name=jvm.gc.PS-Scavenge.time, value=929
type=GAUGE, name=jvm.memory.heap.committed, value=424148992
type=GAUGE, name=jvm.memory.heap.init, value=67108864
type=GAUGE, name=jvm.memory.heap.max, value=935854080
type=GAUGE, name=jvm.memory.heap.usage, value=0.32560792383359594
type=GAUGE, name=jvm.memory.heap.used, value=304721504
type=GAUGE, name=jvm.memory.non-heap.committed, value=141164544
type=GAUGE, name=jvm.memory.non-heap.init, value=2555904
type=GAUGE, name=jvm.memory.non-heap.max, value=-1
type=GAUGE, name=jvm.memory.non-heap.usage, value=-1.38264864E8
type=GAUGE, name=jvm.memory.non-heap.used, value=138264864
type=GAUGE, name=jvm.memory.pools.Code-Cache.committed, value=37355520
type=GAUGE, name=jvm.memory.pools.Code-Cache.init, value=2555904
type=GAUGE, name=jvm.memory.pools.Code-Cache.max, value=251658240
type=GAUGE, name=jvm.memory.pools.Code-Cache.usage, value=0.1456476847330729
type=GAUGE, name=jvm.memory.pools.Code-Cache.used, value=36653440
type=GAUGE, name=jvm.memory.pools.Compressed-Class-Space.committed, value=11010048
type=GAUGE, name=jvm.memory.pools.Compressed-Class-Space.init, value=0
type=GAUGE, name=jvm.memory.pools.Compressed-Class-Space.max, value=1073741824
type=GAUGE, name=jvm.memory.pools.Compressed-Class-Space.usage, value=0.009823933243751526
type=GAUGE, name=jvm.memory.pools.Compressed-Class-Space.used, value=10548368
type=GAUGE, name=jvm.memory.pools.Metaspace.committed, value=92798976
type=GAUGE, name=jvm.memory.pools.Metaspace.init, value=0
type=GAUGE, name=jvm.memory.pools.Metaspace.max, value=-1
type=GAUGE, name=jvm.memory.pools.Metaspace.usage, value=0.9812937591035488
type=GAUGE, name=jvm.memory.pools.Metaspace.used, value=91063056
type=GAUGE, name=jvm.memory.pools.PS-Eden-Space.committed, value=235929600
type=GAUGE, name=jvm.memory.pools.PS-Eden-Space.init, value=16777216
type=GAUGE, name=jvm.memory.pools.PS-Eden-Space.max, value=251658240
type=GAUGE, name=jvm.memory.pools.PS-Eden-Space.usage, value=0.8708497047424316
type=GAUGE, name=jvm.memory.pools.PS-Eden-Space.used, value=219156504
type=GAUGE, name=jvm.memory.pools.PS-Old-Gen.committed, value=141557760
type=GAUGE, name=jvm.memory.pools.PS-Old-Gen.init, value=45088768
type=GAUGE, name=jvm.memory.pools.PS-Old-Gen.max, value=702021632
type=GAUGE, name=jvm.memory.pools.PS-Old-Gen.usage, value=0.12188370856355606
type=GAUGE, name=jvm.memory.pools.PS-Old-Gen.used, value=85565000
type=GAUGE, name=jvm.memory.pools.PS-Survivor-Space.committed, value=46661632
type=GAUGE, name=jvm.memory.pools.PS-Survivor-Space.init, value=2621440
type=GAUGE, name=jvm.memory.pools.PS-Survivor-Space.max, value=46661632
type=GAUGE, name=jvm.memory.pools.PS-Survivor-Space.usage, value=0.0
type=GAUGE, name=jvm.memory.pools.PS-Survivor-Space.used, value=0
type=GAUGE, name=jvm.memory.total.committed, value=565313536
type=GAUGE, name=jvm.memory.total.init, value=69664768
type=GAUGE, name=jvm.memory.total.max, value=935854079
type=GAUGE, name=jvm.memory.total.used, value=442986368
type=GAUGE, name=jvm.thread-states.blocked.count, value=0
type=GAUGE, name=jvm.thread-states.count, value=35
type=GAUGE, name=jvm.thread-states.daemon.count, value=23
type=GAUGE, name=jvm.thread-states.deadlock.count, value=0
type=GAUGE, name=jvm.thread-states.deadlocks, value=[]
type=GAUGE, name=jvm.thread-states.new.count, value=0
type=GAUGE, name=jvm.thread-states.runnable.count, value=7
type=GAUGE, name=jvm.thread-states.terminated.count, value=0
type=GAUGE, name=jvm.thread-states.timed_waiting.count, value=14
type=GAUGE, name=jvm.thread-states.waiting.count, value=14
type=METER, name=org.jasig.cas.CentralAuthenticationServiceImpl.CREATE_TICKET_GRANTING_TICKET_METER, count=0, mean_rate=0.0, m1=0.0, m5=0.0, m15=0.0, rate_unit=events/millisecond
type=METER, name=org.jasig.cas.CentralAuthenticationServiceImpl.DESTROY_TICKET_GRANTING_TICKET_METER, count=0, mean_rate=0.0, m1=0.0, m5=0.0, m15=0.0, rate_unit=events/millisecond
type=METER, name=org.jasig.cas.CentralAuthenticationServiceImpl.GET_TICKETS_METER, count=1, mean_rate=0.0, m1=0.0, m5=0.0, m15=0.0, rate_unit=events/millisecond
type=METER, name=org.jasig.cas.CentralAuthenticationServiceImpl.GET_TICKET_METER, count=0, mean_rate=0.0, m1=0.0, m5=0.0, m15=0.0, rate_unit=events/millisecond
type=METER, name=org.jasig.cas.CentralAuthenticationServiceImpl.GRANT_PROXY_GRANTING_TICKET_METER, count=0, mean_rate=0.0, m1=0.0, m5=0.0, m15=0.0, rate_unit=events/millisecond
type=METER, name=org.jasig.cas.CentralAuthenticationServiceImpl.GRANT_SERVICE_TICKET_METER, count=0, mean_rate=0.0, m1=0.0, m5=0.0, m15=0.0, rate_unit=events/millisecond
type=METER, name=org.jasig.cas.CentralAuthenticationServiceImpl.VALIDATE_SERVICE_TICKET_METER, count=0, mean_rate=0.0, m1=0.0, m5=0.0, m15=0.0, rate_unit=events/millisecond
type=TIMER, name=org.jasig.cas.CentralAuthenticationServiceImpl.CREATE_TICKET_GRANTING_TICKET_TIMER, count=0, min=0.0, max=0.0, mean=0.0, stddev=0.0, median=0.0, p75=0.0, p95=0.0, p98=0.0, p99=0.0, p999=0.0, mean_rate=0.0, m1=0.0, m5=0.0, m15=0.0, rate_unit=events/millisecond, duration_unit=milliseconds
type=TIMER, name=org.jasig.cas.CentralAuthenticationServiceImpl.DESTROY_TICKET_GRANTING_TICKET_TIMER, count=0, min=0.0, max=0.0, mean=0.0, stddev=0.0, median=0.0, p75=0.0, p95=0.0, p98=0.0, p99=0.0, p999=0.0, mean_rate=0.0, m1=0.0, m5=0.0, m15=0.0, rate_unit=events/millisecond, duration_unit=milliseconds
type=TIMER, name=org.jasig.cas.CentralAuthenticationServiceImpl.GET_TICKETS_TIMER, count=1, min=3.216274, max=3.216274, mean=3.216274, stddev=0.0, median=3.216274, p75=3.216274, p95=3.216274, p98=3.216274, p99=3.216274, p999=3.216274, mean_rate=0.0, m1=0.0, m5=0.0, m15=0.0, rate_unit=events/millisecond, duration_unit=milliseconds
type=TIMER, name=org.jasig.cas.CentralAuthenticationServiceImpl.GET_TICKET_TIMER, count=0, min=0.0, max=0.0, mean=0.0, stddev=0.0, median=0.0, p75=0.0, p95=0.0, p98=0.0, p99=0.0, p999=0.0, mean_rate=0.0, m1=0.0, m5=0.0, m15=0.0, rate_unit=events/millisecond, duration_unit=milliseconds
type=TIMER, name=org.jasig.cas.CentralAuthenticationServiceImpl.GRANT_PROXY_GRANTING_TICKET_TIMER, count=0, min=0.0, max=0.0, mean=0.0, stddev=0.0, median=0.0, p75=0.0, p95=0.0, p98=0.0, p99=0.0, p999=0.0, mean_rate=0.0, m1=0.0, m5=0.0, m15=0.0, rate_unit=events/millisecond, duration_unit=milliseconds
type=TIMER, name=org.jasig.cas.CentralAuthenticationServiceImpl.GRANT_SERVICE_TICKET_TIMER, count=0, min=0.0, max=0.0, mean=0.0, stddev=0.0, median=0.0, p75=0.0, p95=0.0, p98=0.0, p99=0.0, p999=0.0, mean_rate=0.0, m1=0.0, m5=0.0, m15=0.0, rate_unit=events/millisecond, duration_unit=milliseconds
type=TIMER, name=org.jasig.cas.CentralAuthenticationServiceImpl.VALIDATE_SERVICE_TICKET_TIMER, count=0, min=0.0, max=0.0, mean=0.0, stddev=0.0, median=0.0, p75=0.0, p95=0.0, p98=0.0, p99=0.0, p999=0.0, mean_rate=0.0, m1=0.0, m5=0.0, m15=0.0, rate_unit=events/millisecond, duration_unit=milliseconds
type=GAUGE, name=jvm.fd.usage, value=NaN
type=GAUGE, name=jvm.gc.PS-MarkSweep.count, value=4
type=GAUGE, name=jvm.gc.PS-MarkSweep.time, value=1778
type=GAUGE, name=jvm.gc.PS-Scavenge.count, value=34
type=GAUGE, name=jvm.gc.PS-Scavenge.time, value=929
type=GAUGE, name=jvm.memory.heap.committed, value=424148992
type=GAUGE, name=jvm.memory.heap.init, value=67108864
type=GAUGE, name=jvm.memory.heap.max, value=935854080
type=GAUGE, name=jvm.memory.heap.usage, value=0.32560792383359594
type=GAUGE, name=jvm.memory.heap.used, value=304721504
type=GAUGE, name=jvm.memory.non-heap.committed, value=141164544
type=GAUGE, name=jvm.memory.non-heap.init, value=2555904
type=GAUGE, name=jvm.memory.non-heap.max, value=-1
type=GAUGE, name=jvm.memory.non-heap.usage, value=-1.38264544E8
type=GAUGE, name=jvm.memory.non-heap.used, value=138264544
type=GAUGE, name=jvm.memory.pools.Code-Cache.committed, value=37355520
type=GAUGE, name=jvm.memory.pools.Code-Cache.init, value=2555904
type=GAUGE, name=jvm.memory.pools.Code-Cache.max, value=251658240
type=GAUGE, name=jvm.memory.pools.Code-Cache.usage, value=0.14564641316731772
type=GAUGE, name=jvm.memory.pools.Code-Cache.used, value=36653120
type=GAUGE, name=jvm.memory.pools.Compressed-Class-Space.committed, value=11010048
type=GAUGE, name=jvm.memory.pools.Compressed-Class-Space.init, value=0
type=GAUGE, name=jvm.memory.pools.Compressed-Class-Space.max, value=1073741824
type=GAUGE, name=jvm.memory.pools.Compressed-Class-Space.usage, value=0.009823933243751526
type=GAUGE, name=jvm.memory.pools.Compressed-Class-Space.used, value=10548368
type=GAUGE, name=jvm.memory.pools.Metaspace.committed, value=92798976
type=GAUGE, name=jvm.memory.pools.Metaspace.init, value=0
type=GAUGE, name=jvm.memory.pools.Metaspace.max, value=-1
type=GAUGE, name=jvm.memory.pools.Metaspace.usage, value=0.9812937591035488
type=GAUGE, name=jvm.memory.pools.Metaspace.used, value=91063056
type=GAUGE, name=jvm.memory.pools.PS-Eden-Space.committed, value=235929600
type=GAUGE, name=jvm.memory.pools.PS-Eden-Space.init, value=16777216
type=GAUGE, name=jvm.memory.pools.PS-Eden-Space.max, value=251658240
type=GAUGE, name=jvm.memory.pools.PS-Eden-Space.usage, value=0.8708497047424316
type=GAUGE, name=jvm.memory.pools.PS-Eden-Space.used, value=219156504
type=GAUGE, name=jvm.memory.pools.PS-Old-Gen.committed, value=141557760
type=GAUGE, name=jvm.memory.pools.PS-Old-Gen.init, value=45088768
type=GAUGE, name=jvm.memory.pools.PS-Old-Gen.max, value=702021632
type=GAUGE, name=jvm.memory.pools.PS-Old-Gen.usage, value=0.12188370856355606
type=GAUGE, name=jvm.memory.pools.PS-Old-Gen.used, value=85565000
type=GAUGE, name=jvm.memory.pools.PS-Survivor-Space.committed, value=46661632
type=GAUGE, name=jvm.memory.pools.PS-Survivor-Space.init, value=2621440
type=GAUGE, name=jvm.memory.pools.PS-Survivor-Space.max, value=46661632
type=GAUGE, name=jvm.memory.pools.PS-Survivor-Space.usage, value=0.0
type=GAUGE, name=jvm.memory.pools.PS-Survivor-Space.used, value=0
type=GAUGE, name=jvm.memory.total.committed, value=565313536
type=GAUGE, name=jvm.memory.total.init, value=69664768
type=GAUGE, name=jvm.memory.total.max, value=935854079
type=GAUGE, name=jvm.memory.total.used, value=442986048
type=GAUGE, name=jvm.thread-states.blocked.count, value=0
type=GAUGE, name=jvm.thread-states.count, value=35
type=GAUGE, name=jvm.thread-states.daemon.count, value=23
type=GAUGE, name=jvm.thread-states.deadlock.count, value=0
type=GAUGE, name=jvm.thread-states.deadlocks, value=[]
type=GAUGE, name=jvm.thread-states.new.count, value=0
type=GAUGE, name=jvm.thread-states.runnable.count, value=7
type=GAUGE, name=jvm.thread-states.terminated.count, value=0
type=GAUGE, name=jvm.thread-states.timed_waiting.count, value=14
type=GAUGE, name=jvm.thread-states.waiting.count, value=14
type=METER, name=org.jasig.cas.CentralAuthenticationServiceImpl.CREATE_TICKET_GRANTING_TICKET_METER, count=0, mean_rate=0.0, m1=0.0, m5=0.0, m15=0.0, rate_unit=events/millisecond
type=METER, name=org.jasig.cas.CentralAuthenticationServiceImpl.DESTROY_TICKET_GRANTING_TICKET_METER, count=0, mean_rate=0.0, m1=0.0, m5=0.0, m15=0.0, rate_unit=events/millisecond
type=METER, name=org.jasig.cas.CentralAuthenticationServiceImpl.GET_TICKETS_METER, count=1, mean_rate=0.0, m1=0.0, m5=0.0, m15=0.0, rate_unit=events/millisecond
type=METER, name=org.jasig.cas.CentralAuthenticationServiceImpl.GET_TICKET_METER, count=0, mean_rate=0.0, m1=0.0, m5=0.0, m15=0.0, rate_unit=events/millisecond
type=METER, name=org.jasig.cas.CentralAuthenticationServiceImpl.GRANT_PROXY_GRANTING_TICKET_METER, count=0, mean_rate=0.0, m1=0.0, m5=0.0, m15=0.0, rate_unit=events/millisecond
type=METER, name=org.jasig.cas.CentralAuthenticationServiceImpl.GRANT_SERVICE_TICKET_METER, count=0, mean_rate=0.0, m1=0.0, m5=0.0, m15=0.0, rate_unit=events/millisecond
type=METER, name=org.jasig.cas.CentralAuthenticationServiceImpl.VALIDATE_SERVICE_TICKET_METER, count=0, mean_rate=0.0, m1=0.0, m5=0.0, m15=0.0, rate_unit=events/millisecond
type=TIMER, name=org.jasig.cas.CentralAuthenticationServiceImpl.CREATE_TICKET_GRANTING_TICKET_TIMER, count=0, min=0.0, max=0.0, mean=0.0, stddev=0.0, median=0.0, p75=0.0, p95=0.0, p98=0.0, p99=0.0, p999=0.0, mean_rate=0.0, m1=0.0, m5=0.0, m15=0.0, rate_unit=events/millisecond, duration_unit=milliseconds
type=TIMER, name=org.jasig.cas.CentralAuthenticationServiceImpl.DESTROY_TICKET_GRANTING_TICKET_TIMER, count=0, min=0.0, max=0.0, mean=0.0, stddev=0.0, median=0.0, p75=0.0, p95=0.0, p98=0.0, p99=0.0, p999=0.0, mean_rate=0.0, m1=0.0, m5=0.0, m15=0.0, rate_unit=events/millisecond, duration_unit=milliseconds
type=TIMER, name=org.jasig.cas.CentralAuthenticationServiceImpl.GET_TICKETS_TIMER, count=1, min=3.216274, max=3.216274, mean=3.216274, stddev=0.0, median=3.216274, p75=3.216274, p95=3.216274, p98=3.216274, p99=3.216274, p999=3.216274, mean_rate=0.0, m1=0.0, m5=0.0, m15=0.0, rate_unit=events/millisecond, duration_unit=milliseconds
type=TIMER, name=org.jasig.cas.CentralAuthenticationServiceImpl.GET_TICKET_TIMER, count=0, min=0.0, max=0.0, mean=0.0, stddev=0.0, median=0.0, p75=0.0, p95=0.0, p98=0.0, p99=0.0, p999=0.0, mean_rate=0.0, m1=0.0, m5=0.0, m15=0.0, rate_unit=events/millisecond, duration_unit=milliseconds
type=TIMER, name=org.jasig.cas.CentralAuthenticationServiceImpl.GRANT_PROXY_GRANTING_TICKET_TIMER, count=0, min=0.0, max=0.0, mean=0.0, stddev=0.0, median=0.0, p75=0.0, p95=0.0, p98=0.0, p99=0.0, p999=0.0, mean_rate=0.0, m1=0.0, m5=0.0, m15=0.0, rate_unit=events/millisecond, duration_unit=milliseconds
type=TIMER, name=org.jasig.cas.CentralAuthenticationServiceImpl.GRANT_SERVICE_TICKET_TIMER, count=0, min=0.0, max=0.0, mean=0.0, stddev=0.0, median=0.0, p75=0.0, p95=0.0, p98=0.0, p99=0.0, p999=0.0, mean_rate=0.0, m1=0.0, m5=0.0, m15=0.0, rate_unit=events/millisecond, duration_unit=milliseconds
type=TIMER, name=org.jasig.cas.CentralAuthenticationServiceImpl.VALIDATE_SERVICE_TICKET_TIMER, count=0, min=0.0, max=0.0, mean=0.0, stddev=0.0, median=0.0, p75=0.0, p95=0.0, p98=0.0, p99=0.0, p999=0.0, mean_rate=0.0, m1=0.0, m5=0.0, m15=0.0, rate_unit=events/millisecond, duration_unit=milliseconds
type=GAUGE, name=jvm.fd.usage, value=NaN
type=GAUGE, name=jvm.gc.PS-MarkSweep.count, value=4
type=GAUGE, name=jvm.gc.PS-MarkSweep.time, value=1778
type=GAUGE, name=jvm.gc.PS-Scavenge.count, value=34
type=GAUGE, name=jvm.gc.PS-Scavenge.time, value=929
type=GAUGE, name=jvm.memory.heap.committed, value=424148992
type=GAUGE, name=jvm.memory.heap.init, value=67108864
type=GAUGE, name=jvm.memory.heap.max, value=935854080
type=GAUGE, name=jvm.memory.heap.usage, value=0.32560792383359594
type=GAUGE, name=jvm.memory.heap.used, value=304721504
type=GAUGE, name=jvm.memory.non-heap.committed, value=141164544
type=GAUGE, name=jvm.memory.non-heap.init, value=2555904
type=GAUGE, name=jvm.memory.non-heap.max, value=-1
type=GAUGE, name=jvm.memory.non-heap.usage, value=-1.38241104E8
type=GAUGE, name=jvm.memory.non-heap.used, value=138241104
type=GAUGE, name=jvm.memory.pools.Code-Cache.committed, value=37355520
type=GAUGE, name=jvm.memory.pools.Code-Cache.init, value=2555904
type=GAUGE, name=jvm.memory.pools.Code-Cache.max, value=251658240
type=GAUGE, name=jvm.memory.pools.Code-Cache.usage, value=0.14554595947265625
type=GAUGE, name=jvm.memory.pools.Code-Cache.used, value=36627840
type=GAUGE, name=jvm.memory.pools.Compressed-Class-Space.committed, value=11010048
type=GAUGE, name=jvm.memory.pools.Compressed-Class-Space.init, value=0
type=GAUGE, name=jvm.memory.pools.Compressed-Class-Space.max, value=1073741824
type=GAUGE, name=jvm.memory.pools.Compressed-Class-Space.usage, value=0.009823933243751526
type=GAUGE, name=jvm.memory.pools.Compressed-Class-Space.used, value=10548368
type=GAUGE, name=jvm.memory.pools.Metaspace.committed, value=92798976
type=GAUGE, name=jvm.memory.pools.Metaspace.init, value=0
type=GAUGE, name=jvm.memory.pools.Metaspace.max, value=-1
type=GAUGE, name=jvm.memory.pools.Metaspace.usage, value=0.9813135869085452
type=GAUGE, name=jvm.memory.pools.Metaspace.used, value=91064896
type=GAUGE, name=jvm.memory.pools.PS-Eden-Space.committed, value=235929600
type=GAUGE, name=jvm.memory.pools.PS-Eden-Space.init, value=16777216
type=GAUGE, name=jvm.memory.pools.PS-Eden-Space.max, value=251658240
type=GAUGE, name=jvm.memory.pools.PS-Eden-Space.usage, value=0.8708497047424316
type=GAUGE, name=jvm.memory.pools.PS-Eden-Space.used, value=219156504
type=GAUGE, name=jvm.memory.pools.PS-Old-Gen.committed, value=141557760
type=GAUGE, name=jvm.memory.pools.PS-Old-Gen.init, value=45088768
type=GAUGE, name=jvm.memory.pools.PS-Old-Gen.max, value=702021632
type=GAUGE, name=jvm.memory.pools.PS-Old-Gen.usage, value=0.12188370856355606
type=GAUGE, name=jvm.memory.pools.PS-Old-Gen.used, value=85565000
type=GAUGE, name=jvm.memory.pools.PS-Survivor-Space.committed, value=46661632
type=GAUGE, name=jvm.memory.pools.PS-Survivor-Space.init, value=2621440
type=GAUGE, name=jvm.memory.pools.PS-Survivor-Space.max, value=46661632
type=GAUGE, name=jvm.memory.pools.PS-Survivor-Space.usage, value=0.0
type=GAUGE, name=jvm.memory.pools.PS-Survivor-Space.used, value=0
type=GAUGE, name=jvm.memory.total.committed, value=565313536
type=GAUGE, name=jvm.memory.total.init, value=69664768
type=GAUGE, name=jvm.memory.total.max, value=935854079
type=GAUGE, name=jvm.memory.total.used, value=442962608
type=GAUGE, name=jvm.thread-states.blocked.count, value=0
type=GAUGE, name=jvm.thread-states.count, value=35
type=GAUGE, name=jvm.thread-states.daemon.count, value=23
type=GAUGE, name=jvm.thread-states.deadlock.count, value=0
type=GAUGE, name=jvm.thread-states.deadlocks, value=[]
type=GAUGE, name=jvm.thread-states.new.count, value=0
type=GAUGE, name=jvm.thread-states.runnable.count, value=7
type=GAUGE, name=jvm.thread-states.terminated.count, value=0
type=GAUGE, name=jvm.thread-states.timed_waiting.count, value=14
type=GAUGE, name=jvm.thread-states.waiting.count, value=14
type=METER, name=org.jasig.cas.CentralAuthenticationServiceImpl.CREATE_TICKET_GRANTING_TICKET_METER, count=0, mean_rate=0.0, m1=0.0, m5=0.0, m15=0.0, rate_unit=events/millisecond
type=METER, name=org.jasig.cas.CentralAuthenticationServiceImpl.DESTROY_TICKET_GRANTING_TICKET_METER, count=0, mean_rate=0.0, m1=0.0, m5=0.0, m15=0.0, rate_unit=events/millisecond
type=METER, name=org.jasig.cas.CentralAuthenticationServiceImpl.GET_TICKETS_METER, count=1, mean_rate=0.0, m1=0.0, m5=0.0, m15=0.0, rate_unit=events/millisecond
type=METER, name=org.jasig.cas.CentralAuthenticationServiceImpl.GET_TICKET_METER, count=0, mean_rate=0.0, m1=0.0, m5=0.0, m15=0.0, rate_unit=events/millisecond
type=METER, name=org.jasig.cas.CentralAuthenticationServiceImpl.GRANT_PROXY_GRANTING_TICKET_METER, count=0, mean_rate=0.0, m1=0.0, m5=0.0, m15=0.0, rate_unit=events/millisecond
type=METER, name=org.jasig.cas.CentralAuthenticationServiceImpl.GRANT_SERVICE_TICKET_METER, count=0, mean_rate=0.0, m1=0.0, m5=0.0, m15=0.0, rate_unit=events/millisecond
type=METER, name=org.jasig.cas.CentralAuthenticationServiceImpl.VALIDATE_SERVICE_TICKET_METER, count=0, mean_rate=0.0, m1=0.0, m5=0.0, m15=0.0, rate_unit=events/millisecond
type=TIMER, name=org.jasig.cas.CentralAuthenticationServiceImpl.CREATE_TICKET_GRANTING_TICKET_TIMER, count=0, min=0.0, max=0.0, mean=0.0, stddev=0.0, median=0.0, p75=0.0, p95=0.0, p98=0.0, p99=0.0, p999=0.0, mean_rate=0.0, m1=0.0, m5=0.0, m15=0.0, rate_unit=events/millisecond, duration_unit=milliseconds
type=TIMER, name=org.jasig.cas.CentralAuthenticationServiceImpl.DESTROY_TICKET_GRANTING_TICKET_TIMER, count=0, min=0.0, max=0.0, mean=0.0, stddev=0.0, median=0.0, p75=0.0, p95=0.0, p98=0.0, p99=0.0, p999=0.0, mean_rate=0.0, m1=0.0, m5=0.0, m15=0.0, rate_unit=events/millisecond, duration_unit=milliseconds
type=TIMER, name=org.jasig.cas.CentralAuthenticationServiceImpl.GET_TICKETS_TIMER, count=1, min=3.216274, max=3.216274, mean=3.216274, stddev=0.0, median=3.216274, p75=3.216274, p95=3.216274, p98=3.216274, p99=3.216274, p999=3.216274, mean_rate=0.0, m1=0.0, m5=0.0, m15=0.0, rate_unit=events/millisecond, duration_unit=milliseconds
type=TIMER, name=org.jasig.cas.CentralAuthenticationServiceImpl.GET_TICKET_TIMER, count=0, min=0.0, max=0.0, mean=0.0, stddev=0.0, median=0.0, p75=0.0, p95=0.0, p98=0.0, p99=0.0, p999=0.0, mean_rate=0.0, m1=0.0, m5=0.0, m15=0.0, rate_unit=events/millisecond, duration_unit=milliseconds
type=TIMER, name=org.jasig.cas.CentralAuthenticationServiceImpl.GRANT_PROXY_GRANTING_TICKET_TIMER, count=0, min=0.0, max=0.0, mean=0.0, stddev=0.0, median=0.0, p75=0.0, p95=0.0, p98=0.0, p99=0.0, p999=0.0, mean_rate=0.0, m1=0.0, m5=0.0, m15=0.0, rate_unit=events/millisecond, duration_unit=milliseconds
type=TIMER, name=org.jasig.cas.CentralAuthenticationServiceImpl.GRANT_SERVICE_TICKET_TIMER, count=0, min=0.0, max=0.0, mean=0.0, stddev=0.0, median=0.0, p75=0.0, p95=0.0, p98=0.0, p99=0.0, p999=0.0, mean_rate=0.0, m1=0.0, m5=0.0, m15=0.0, rate_unit=events/millisecond, duration_unit=milliseconds
type=TIMER, name=org.jasig.cas.CentralAuthenticationServiceImpl.VALIDATE_SERVICE_TICKET_TIMER, count=0, min=0.0, max=0.0, mean=0.0, stddev=0.0, median=0.0, p75=0.0, p95=0.0, p98=0.0, p99=0.0, p999=0.0, mean_rate=0.0, m1=0.0, m5=0.0, m15=0.0, rate_unit=events/millisecond, duration_unit=milliseconds
type=GAUGE, name=jvm.fd.usage, value=NaN
type=GAUGE, name=jvm.gc.PS-MarkSweep.count, value=4
type=GAUGE, name=jvm.gc.PS-MarkSweep.time, value=1778
type=GAUGE, name=jvm.gc.PS-Scavenge.count, value=34
type=GAUGE, name=jvm.gc.PS-Scavenge.time, value=929
type=GAUGE, name=jvm.memory.heap.committed, value=424148992
type=GAUGE, name=jvm.memory.heap.init, value=67108864
type=GAUGE, name=jvm.memory.heap.max, value=935854080
type=GAUGE, name=jvm.memory.heap.usage, value=0.3272892457764356
type=GAUGE, name=jvm.memory.heap.used, value=306294976
type=GAUGE, name=jvm.memory.non-heap.committed, value=141164544
type=GAUGE, name=jvm.memory.non-heap.init, value=2555904
type=GAUGE, name=jvm.memory.non-heap.max, value=-1
type=GAUGE, name=jvm.memory.non-heap.usage, value=-1.38241104E8
type=GAUGE, name=jvm.memory.non-heap.used, value=138241104
type=GAUGE, name=jvm.memory.pools.Code-Cache.committed, value=37355520
type=GAUGE, name=jvm.memory.pools.Code-Cache.init, value=2555904
type=GAUGE, name=jvm.memory.pools.Code-Cache.max, value=251658240
type=GAUGE, name=jvm.memory.pools.Code-Cache.usage, value=0.14554595947265625
type=GAUGE, name=jvm.memory.pools.Code-Cache.used, value=36627840
type=GAUGE, name=jvm.memory.pools.Compressed-Class-Space.committed, value=11010048
type=GAUGE, name=jvm.memory.pools.Compressed-Class-Space.init, value=0
type=GAUGE, name=jvm.memory.pools.Compressed-Class-Space.max, value=1073741824
type=GAUGE, name=jvm.memory.pools.Compressed-Class-Space.usage, value=0.009823933243751526
type=GAUGE, name=jvm.memory.pools.Compressed-Class-Space.used, value=10548368
type=GAUGE, name=jvm.memory.pools.Metaspace.committed, value=92798976
type=GAUGE, name=jvm.memory.pools.Metaspace.init, value=0
type=GAUGE, name=jvm.memory.pools.Metaspace.max, value=-1
type=GAUGE, name=jvm.memory.pools.Metaspace.usage, value=0.9813135869085452
type=GAUGE, name=jvm.memory.pools.Metaspace.used, value=91064896
type=GAUGE, name=jvm.memory.pools.PS-Eden-Space.committed, value=235929600
type=GAUGE, name=jvm.memory.pools.PS-Eden-Space.init, value=16777216
type=GAUGE, name=jvm.memory.pools.PS-Eden-Space.max, value=251658240
type=GAUGE, name=jvm.memory.pools.PS-Eden-Space.usage, value=0.8771021207173665
type=GAUGE, name=jvm.memory.pools.PS-Eden-Space.used, value=220729976
type=GAUGE, name=jvm.memory.pools.PS-Old-Gen.committed, value=141557760
type=GAUGE, name=jvm.memory.pools.PS-Old-Gen.init, value=45088768
type=GAUGE, name=jvm.memory.pools.PS-Old-Gen.max, value=702021632
type=GAUGE, name=jvm.memory.pools.PS-Old-Gen.usage, value=0.12188370856355606
type=GAUGE, name=jvm.memory.pools.PS-Old-Gen.used, value=85565000
type=GAUGE, name=jvm.memory.pools.PS-Survivor-Space.committed, value=46661632
type=GAUGE, name=jvm.memory.pools.PS-Survivor-Space.init, value=2621440
type=GAUGE, name=jvm.memory.pools.PS-Survivor-Space.max, value=46661632
type=GAUGE, name=jvm.memory.pools.PS-Survivor-Space.usage, value=0.0
type=GAUGE, name=jvm.memory.pools.PS-Survivor-Space.used, value=0
type=GAUGE, name=jvm.memory.total.committed, value=565313536
type=GAUGE, name=jvm.memory.total.init, value=69664768
type=GAUGE, name=jvm.memory.total.max, value=935854079
type=GAUGE, name=jvm.memory.total.used, value=444536080
type=GAUGE, name=jvm.thread-states.blocked.count, value=0
type=GAUGE, name=jvm.thread-states.count, value=35
type=GAUGE, name=jvm.thread-states.daemon.count, value=23
type=GAUGE, name=jvm.thread-states.deadlock.count, value=0
type=GAUGE, name=jvm.thread-states.deadlocks, value=[]
type=GAUGE, name=jvm.thread-states.new.count, value=0
type=GAUGE, name=jvm.thread-states.runnable.count, value=7
type=GAUGE, name=jvm.thread-states.terminated.count, value=0
type=GAUGE, name=jvm.thread-states.timed_waiting.count, value=14
type=GAUGE, name=jvm.thread-states.waiting.count, value=14
type=METER, name=org.jasig.cas.CentralAuthenticationServiceImpl.CREATE_TICKET_GRANTING_TICKET_METER, count=0, mean_rate=0.0, m1=0.0, m5=0.0, m15=0.0, rate_unit=events/millisecond
type=METER, name=org.jasig.cas.CentralAuthenticationServiceImpl.DESTROY_TICKET_GRANTING_TICKET_METER, count=0, mean_rate=0.0, m1=0.0, m5=0.0, m15=0.0, rate_unit=events/millisecond
type=METER, name=org.jasig.cas.CentralAuthenticationServiceImpl.GET_TICKETS_METER, count=1, mean_rate=0.0, m1=0.0, m5=0.0, m15=0.0, rate_unit=events/millisecond
type=METER, name=org.jasig.cas.CentralAuthenticationServiceImpl.GET_TICKET_METER, count=0, mean_rate=0.0, m1=0.0, m5=0.0, m15=0.0, rate_unit=events/millisecond
type=METER, name=org.jasig.cas.CentralAuthenticationServiceImpl.GRANT_PROXY_GRANTING_TICKET_METER, count=0, mean_rate=0.0, m1=0.0, m5=0.0, m15=0.0, rate_unit=events/millisecond
type=METER, name=org.jasig.cas.CentralAuthenticationServiceImpl.GRANT_SERVICE_TICKET_METER, count=0, mean_rate=0.0, m1=0.0, m5=0.0, m15=0.0, rate_unit=events/millisecond
type=METER, name=org.jasig.cas.CentralAuthenticationServiceImpl.VALIDATE_SERVICE_TICKET_METER, count=0, mean_rate=0.0, m1=0.0, m5=0.0, m15=0.0, rate_unit=events/millisecond
type=TIMER, name=org.jasig.cas.CentralAuthenticationServiceImpl.CREATE_TICKET_GRANTING_TICKET_TIMER, count=0, min=0.0, max=0.0, mean=0.0, stddev=0.0, median=0.0, p75=0.0, p95=0.0, p98=0.0, p99=0.0, p999=0.0, mean_rate=0.0, m1=0.0, m5=0.0, m15=0.0, rate_unit=events/millisecond, duration_unit=milliseconds
type=TIMER, name=org.jasig.cas.CentralAuthenticationServiceImpl.DESTROY_TICKET_GRANTING_TICKET_TIMER, count=0, min=0.0, max=0.0, mean=0.0, stddev=0.0, median=0.0, p75=0.0, p95=0.0, p98=0.0, p99=0.0, p999=0.0, mean_rate=0.0, m1=0.0, m5=0.0, m15=0.0, rate_unit=events/millisecond, duration_unit=milliseconds
type=TIMER, name=org.jasig.cas.CentralAuthenticationServiceImpl.GET_TICKETS_TIMER, count=1, min=3.216274, max=3.216274, mean=3.216274, stddev=0.0, median=3.216274, p75=3.216274, p95=3.216274, p98=3.216274, p99=3.216274, p999=3.216274, mean_rate=0.0, m1=0.0, m5=0.0, m15=0.0, rate_unit=events/millisecond, duration_unit=milliseconds
type=TIMER, name=org.jasig.cas.CentralAuthenticationServiceImpl.GET_TICKET_TIMER, count=0, min=0.0, max=0.0, mean=0.0, stddev=0.0, median=0.0, p75=0.0, p95=0.0, p98=0.0, p99=0.0, p999=0.0, mean_rate=0.0, m1=0.0, m5=0.0, m15=0.0, rate_unit=events/millisecond, duration_unit=milliseconds
type=TIMER, name=org.jasig.cas.CentralAuthenticationServiceImpl.GRANT_PROXY_GRANTING_TICKET_TIMER, count=0, min=0.0, max=0.0, mean=0.0, stddev=0.0, median=0.0, p75=0.0, p95=0.0, p98=0.0, p99=0.0, p999=0.0, mean_rate=0.0, m1=0.0, m5=0.0, m15=0.0, rate_unit=events/millisecond, duration_unit=milliseconds
type=TIMER, name=org.jasig.cas.CentralAuthenticationServiceImpl.GRANT_SERVICE_TICKET_TIMER, count=0, min=0.0, max=0.0, mean=0.0, stddev=0.0, median=0.0, p75=0.0, p95=0.0, p98=0.0, p99=0.0, p999=0.0, mean_rate=0.0, m1=0.0, m5=0.0, m15=0.0, rate_unit=events/millisecond, duration_unit=milliseconds
type=TIMER, name=org.jasig.cas.CentralAuthenticationServiceImpl.VALIDATE_SERVICE_TICKET_TIMER, count=0, min=0.0, max=0.0, mean=0.0, stddev=0.0, median=0.0, p75=0.0, p95=0.0, p98=0.0, p99=0.0, p999=0.0, mean_rate=0.0, m1=0.0, m5=0.0, m15=0.0, rate_unit=events/millisecond, duration_unit=milliseconds
type=GAUGE, name=jvm.fd.usage, value=NaN
type=GAUGE, name=jvm.gc.PS-MarkSweep.count, value=4
type=GAUGE, name=jvm.gc.PS-MarkSweep.time, value=1778
type=GAUGE, name=jvm.gc.PS-Scavenge.count, value=34
type=GAUGE, name=jvm.gc.PS-Scavenge.time, value=929
type=GAUGE, name=jvm.memory.heap.committed, value=424148992
type=GAUGE, name=jvm.memory.heap.init, value=67108864
type=GAUGE, name=jvm.memory.heap.max, value=935854080
type=GAUGE, name=jvm.memory.heap.usage, value=0.3272892457764356
type=GAUGE, name=jvm.memory.heap.used, value=306294976
type=GAUGE, name=jvm.memory.non-heap.committed, value=141164544
type=GAUGE, name=jvm.memory.non-heap.init, value=2555904
type=GAUGE, name=jvm.memory.non-heap.max, value=-1
type=GAUGE, name=jvm.memory.non-heap.usage, value=-1.38242512E8
type=GAUGE, name=jvm.memory.non-heap.used, value=138242512
type=GAUGE, name=jvm.memory.pools.Code-Cache.committed, value=37355520
type=GAUGE, name=jvm.memory.pools.Code-Cache.init, value=2555904
type=GAUGE, name=jvm.memory.pools.Code-Cache.max, value=251658240
type=GAUGE, name=jvm.memory.pools.Code-Cache.usage, value=0.14555155436197917
type=GAUGE, name=jvm.memory.pools.Code-Cache.used, value=36629248
type=GAUGE, name=jvm.memory.pools.Compressed-Class-Space.committed, value=11010048
type=GAUGE, name=jvm.memory.pools.Compressed-Class-Space.init, value=0
type=GAUGE, name=jvm.memory.pools.Compressed-Class-Space.max, value=1073741824
type=GAUGE, name=jvm.memory.pools.Compressed-Class-Space.usage, value=0.009823933243751526
type=GAUGE, name=jvm.memory.pools.Compressed-Class-Space.used, value=10548368
type=GAUGE, name=jvm.memory.pools.Metaspace.committed, value=92798976
type=GAUGE, name=jvm.memory.pools.Metaspace.init, value=0
type=GAUGE, name=jvm.memory.pools.Metaspace.max, value=-1
type=GAUGE, name=jvm.memory.pools.Metaspace.usage, value=0.9813135869085452
type=GAUGE, name=jvm.memory.pools.Metaspace.used, value=91064896
type=GAUGE, name=jvm.memory.pools.PS-Eden-Space.committed, value=235929600
type=GAUGE, name=jvm.memory.pools.PS-Eden-Space.init, value=16777216
type=GAUGE, name=jvm.memory.pools.PS-Eden-Space.max, value=251658240
type=GAUGE, name=jvm.memory.pools.PS-Eden-Space.usage, value=0.8771021207173665
type=GAUGE, name=jvm.memory.pools.PS-Eden-Space.used, value=220729976
type=GAUGE, name=jvm.memory.pools.PS-Old-Gen.committed, value=141557760
type=GAUGE, name=jvm.memory.pools.PS-Old-Gen.init, value=45088768
type=GAUGE, name=jvm.memory.pools.PS-Old-Gen.max, value=702021632
type=GAUGE, name=jvm.memory.pools.PS-Old-Gen.usage, value=0.12188370856355606
type=GAUGE, name=jvm.memory.pools.PS-Old-Gen.used, value=85565000
type=GAUGE, name=jvm.memory.pools.PS-Survivor-Space.committed, value=46661632
type=GAUGE, name=jvm.memory.pools.PS-Survivor-Space.init, value=2621440
type=GAUGE, name=jvm.memory.pools.PS-Survivor-Space.max, value=46661632
type=GAUGE, name=jvm.memory.pools.PS-Survivor-Space.usage, value=0.0
type=GAUGE, name=jvm.memory.pools.PS-Survivor-Space.used, value=0
type=GAUGE, name=jvm.memory.total.committed, value=565313536
type=GAUGE, name=jvm.memory.total.init, value=69664768
type=GAUGE, name=jvm.memory.total.max, value=935854079
type=GAUGE, name=jvm.memory.total.used, value=444537488
type=GAUGE, name=jvm.thread-states.blocked.count, value=0
type=GAUGE, name=jvm.thread-states.count, value=35
type=GAUGE, name=jvm.thread-states.daemon.count, value=23
type=GAUGE, name=jvm.thread-states.deadlock.count, value=0
type=GAUGE, name=jvm.thread-states.deadlocks, value=[]
type=GAUGE, name=jvm.thread-states.new.count, value=0
type=GAUGE, name=jvm.thread-states.runnable.count, value=7
type=GAUGE, name=jvm.thread-states.terminated.count, value=0
type=GAUGE, name=jvm.thread-states.timed_waiting.count, value=14
type=GAUGE, name=jvm.thread-states.waiting.count, value=14
type=METER, name=org.jasig.cas.CentralAuthenticationServiceImpl.CREATE_TICKET_GRANTING_TICKET_METER, count=0, mean_rate=0.0, m1=0.0, m5=0.0, m15=0.0, rate_unit=events/millisecond
type=METER, name=org.jasig.cas.CentralAuthenticationServiceImpl.DESTROY_TICKET_GRANTING_TICKET_METER, count=0, mean_rate=0.0, m1=0.0, m5=0.0, m15=0.0, rate_unit=events/millisecond
type=METER, name=org.jasig.cas.CentralAuthenticationServiceImpl.GET_TICKETS_METER, count=1, mean_rate=0.0, m1=0.0, m5=0.0, m15=0.0, rate_unit=events/millisecond
type=METER, name=org.jasig.cas.CentralAuthenticationServiceImpl.GET_TICKET_METER, count=0, mean_rate=0.0, m1=0.0, m5=0.0, m15=0.0, rate_unit=events/millisecond
type=METER, name=org.jasig.cas.CentralAuthenticationServiceImpl.GRANT_PROXY_GRANTING_TICKET_METER, count=0, mean_rate=0.0, m1=0.0, m5=0.0, m15=0.0, rate_unit=events/millisecond
type=METER, name=org.jasig.cas.CentralAuthenticationServiceImpl.GRANT_SERVICE_TICKET_METER, count=0, mean_rate=0.0, m1=0.0, m5=0.0, m15=0.0, rate_unit=events/millisecond
type=METER, name=org.jasig.cas.CentralAuthenticationServiceImpl.VALIDATE_SERVICE_TICKET_METER, count=0, mean_rate=0.0, m1=0.0, m5=0.0, m15=0.0, rate_unit=events/millisecond
type=TIMER, name=org.jasig.cas.CentralAuthenticationServiceImpl.CREATE_TICKET_GRANTING_TICKET_TIMER, count=0, min=0.0, max=0.0, mean=0.0, stddev=0.0, median=0.0, p75=0.0, p95=0.0, p98=0.0, p99=0.0, p999=0.0, mean_rate=0.0, m1=0.0, m5=0.0, m15=0.0, rate_unit=events/millisecond, duration_unit=milliseconds
type=TIMER, name=org.jasig.cas.CentralAuthenticationServiceImpl.DESTROY_TICKET_GRANTING_TICKET_TIMER, count=0, min=0.0, max=0.0, mean=0.0, stddev=0.0, median=0.0, p75=0.0, p95=0.0, p98=0.0, p99=0.0, p999=0.0, mean_rate=0.0, m1=0.0, m5=0.0, m15=0.0, rate_unit=events/millisecond, duration_unit=milliseconds
type=TIMER, name=org.jasig.cas.CentralAuthenticationServiceImpl.GET_TICKETS_TIMER, count=1, min=3.216274, max=3.216274, mean=3.216274, stddev=0.0, median=3.216274, p75=3.216274, p95=3.216274, p98=3.216274, p99=3.216274, p999=3.216274, mean_rate=0.0, m1=0.0, m5=0.0, m15=0.0, rate_unit=events/millisecond, duration_unit=milliseconds
type=TIMER, name=org.jasig.cas.CentralAuthenticationServiceImpl.GET_TICKET_TIMER, count=0, min=0.0, max=0.0, mean=0.0, stddev=0.0, median=0.0, p75=0.0, p95=0.0, p98=0.0, p99=0.0, p999=0.0, mean_rate=0.0, m1=0.0, m5=0.0, m15=0.0, rate_unit=events/millisecond, duration_unit=milliseconds
type=TIMER, name=org.jasig.cas.CentralAuthenticationServiceImpl.GRANT_PROXY_GRANTING_TICKET_TIMER, count=0, min=0.0, max=0.0, mean=0.0, stddev=0.0, median=0.0, p75=0.0, p95=0.0, p98=0.0, p99=0.0, p999=0.0, mean_rate=0.0, m1=0.0, m5=0.0, m15=0.0, rate_unit=events/millisecond, duration_unit=milliseconds
type=TIMER, name=org.jasig.cas.CentralAuthenticationServiceImpl.GRANT_SERVICE_TICKET_TIMER, count=0, min=0.0, max=0.0, mean=0.0, stddev=0.0, median=0.0, p75=0.0, p95=0.0, p98=0.0, p99=0.0, p999=0.0, mean_rate=0.0, m1=0.0, m5=0.0, m15=0.0, rate_unit=events/millisecond, duration_unit=milliseconds
type=TIMER, name=org.jasig.cas.CentralAuthenticationServiceImpl.VALIDATE_SERVICE_TICKET_TIMER, count=0, min=0.0, max=0.0, mean=0.0, stddev=0.0, median=0.0, p75=0.0, p95=0.0, p98=0.0, p99=0.0, p999=0.0, mean_rate=0.0, m1=0.0, m5=0.0, m15=0.0, rate_unit=events/millisecond, duration_unit=milliseconds
type=GAUGE, name=jvm.fd.usage, value=NaN
type=GAUGE, name=jvm.gc.PS-MarkSweep.count, value=4
type=GAUGE, name=jvm.gc.PS-MarkSweep.time, value=1778
type=GAUGE, name=jvm.gc.PS-Scavenge.count, value=34
type=GAUGE, name=jvm.gc.PS-Scavenge.time, value=929
type=GAUGE, name=jvm.memory.heap.committed, value=424148992
type=GAUGE, name=jvm.memory.heap.init, value=67108864
type=GAUGE, name=jvm.memory.heap.max, value=935854080
type=GAUGE, name=jvm.memory.heap.usage, value=0.3272892457764356
type=GAUGE, name=jvm.memory.heap.used, value=306294976
type=GAUGE, name=jvm.memory.non-heap.committed, value=141164544
type=GAUGE, name=jvm.memory.non-heap.init, value=2555904
type=GAUGE, name=jvm.memory.non-heap.max, value=-1
type=GAUGE, name=jvm.memory.non-heap.usage, value=-1.38254224E8
type=GAUGE, name=jvm.memory.non-heap.used, value=138254224
type=GAUGE, name=jvm.memory.pools.Code-Cache.committed, value=37355520
type=GAUGE, name=jvm.memory.pools.Code-Cache.init, value=2555904
type=GAUGE, name=jvm.memory.pools.Code-Cache.max, value=251658240
type=GAUGE, name=jvm.memory.pools.Code-Cache.usage, value=0.14559809366861978
type=GAUGE, name=jvm.memory.pools.Code-Cache.used, value=36640960
type=GAUGE, name=jvm.memory.pools.Compressed-Class-Space.committed, value=11010048
type=GAUGE, name=jvm.memory.pools.Compressed-Class-Space.init, value=0
type=GAUGE, name=jvm.memory.pools.Compressed-Class-Space.max, value=1073741824
type=GAUGE, name=jvm.memory.pools.Compressed-Class-Space.usage, value=0.009823933243751526
type=GAUGE, name=jvm.memory.pools.Compressed-Class-Space.used, value=10548368
type=GAUGE, name=jvm.memory.pools.Metaspace.committed, value=92798976
type=GAUGE, name=jvm.memory.pools.Metaspace.init, value=0
type=GAUGE, name=jvm.memory.pools.Metaspace.max, value=-1
type=GAUGE, name=jvm.memory.pools.Metaspace.usage, value=0.9813135869085452
type=GAUGE, name=jvm.memory.pools.Metaspace.used, value=91064896
type=GAUGE, name=jvm.memory.pools.PS-Eden-Space.committed, value=235929600
type=GAUGE, name=jvm.memory.pools.PS-Eden-Space.init, value=16777216
type=GAUGE, name=jvm.memory.pools.PS-Eden-Space.max, value=251658240
type=GAUGE, name=jvm.memory.pools.PS-Eden-Space.usage, value=0.8771021207173665
type=GAUGE, name=jvm.memory.pools.PS-Eden-Space.used, value=220729976
type=GAUGE, name=jvm.memory.pools.PS-Old-Gen.committed, value=141557760
type=GAUGE, name=jvm.memory.pools.PS-Old-Gen.init, value=45088768
type=GAUGE, name=jvm.memory.pools.PS-Old-Gen.max, value=702021632
type=GAUGE, name=jvm.memory.pools.PS-Old-Gen.usage, value=0.12188370856355606
type=GAUGE, name=jvm.memory.pools.PS-Old-Gen.used, value=85565000
type=GAUGE, name=jvm.memory.pools.PS-Survivor-Space.committed, value=46661632
type=GAUGE, name=jvm.memory.pools.PS-Survivor-Space.init, value=2621440
type=GAUGE, name=jvm.memory.pools.PS-Survivor-Space.max, value=46661632
type=GAUGE, name=jvm.memory.pools.PS-Survivor-Space.usage, value=0.0
type=GAUGE, name=jvm.memory.pools.PS-Survivor-Space.used, value=0
type=GAUGE, name=jvm.memory.total.committed, value=565313536
type=GAUGE, name=jvm.memory.total.init, value=69664768
type=GAUGE, name=jvm.memory.total.max, value=935854079
type=GAUGE, name=jvm.memory.total.used, value=444553176
type=GAUGE, name=jvm.thread-states.blocked.count, value=0
type=GAUGE, name=jvm.thread-states.count, value=35
type=GAUGE, name=jvm.thread-states.daemon.count, value=23
type=GAUGE, name=jvm.thread-states.deadlock.count, value=0
type=GAUGE, name=jvm.thread-states.deadlocks, value=[]
type=GAUGE, name=jvm.thread-states.new.count, value=0
type=GAUGE, name=jvm.thread-states.runnable.count, value=7
type=GAUGE, name=jvm.thread-states.terminated.count, value=0
type=GAUGE, name=jvm.thread-states.timed_waiting.count, value=14
type=GAUGE, name=jvm.thread-states.waiting.count, value=14
type=METER, name=org.jasig.cas.CentralAuthenticationServiceImpl.CREATE_TICKET_GRANTING_TICKET_METER, count=0, mean_rate=0.0, m1=0.0, m5=0.0, m15=0.0, rate_unit=events/millisecond
type=METER, name=org.jasig.cas.CentralAuthenticationServiceImpl.DESTROY_TICKET_GRANTING_TICKET_METER, count=0, mean_rate=0.0, m1=0.0, m5=0.0, m15=0.0, rate_unit=events/millisecond
type=METER, name=org.jasig.cas.CentralAuthenticationServiceImpl.GET_TICKETS_METER, count=1, mean_rate=0.0, m1=0.0, m5=0.0, m15=0.0, rate_unit=events/millisecond
type=METER, name=org.jasig.cas.CentralAuthenticationServiceImpl.GET_TICKET_METER, count=0, mean_rate=0.0, m1=0.0, m5=0.0, m15=0.0, rate_unit=events/millisecond
type=METER, name=org.jasig.cas.CentralAuthenticationServiceImpl.GRANT_PROXY_GRANTING_TICKET_METER, count=0, mean_rate=0.0, m1=0.0, m5=0.0, m15=0.0, rate_unit=events/millisecond
type=METER, name=org.jasig.cas.CentralAuthenticationServiceImpl.GRANT_SERVICE_TICKET_METER, count=0, mean_rate=0.0, m1=0.0, m5=0.0, m15=0.0, rate_unit=events/millisecond
type=METER, name=org.jasig.cas.CentralAuthenticationServiceImpl.VALIDATE_SERVICE_TICKET_METER, count=0, mean_rate=0.0, m1=0.0, m5=0.0, m15=0.0, rate_unit=events/millisecond
type=TIMER, name=org.jasig.cas.CentralAuthenticationServiceImpl.CREATE_TICKET_GRANTING_TICKET_TIMER, count=0, min=0.0, max=0.0, mean=0.0, stddev=0.0, median=0.0, p75=0.0, p95=0.0, p98=0.0, p99=0.0, p999=0.0, mean_rate=0.0, m1=0.0, m5=0.0, m15=0.0, rate_unit=events/millisecond, duration_unit=milliseconds
type=TIMER, name=org.jasig.cas.CentralAuthenticationServiceImpl.DESTROY_TICKET_GRANTING_TICKET_TIMER, count=0, min=0.0, max=0.0, mean=0.0, stddev=0.0, median=0.0, p75=0.0, p95=0.0, p98=0.0, p99=0.0, p999=0.0, mean_rate=0.0, m1=0.0, m5=0.0, m15=0.0, rate_unit=events/millisecond, duration_unit=milliseconds
type=TIMER, name=org.jasig.cas.CentralAuthenticationServiceImpl.GET_TICKETS_TIMER, count=1, min=3.216274, max=3.216274, mean=3.216274, stddev=0.0, median=3.216274, p75=3.216274, p95=3.216274, p98=3.216274, p99=3.216274, p999=3.216274, mean_rate=0.0, m1=0.0, m5=0.0, m15=0.0, rate_unit=events/millisecond, duration_unit=milliseconds
type=TIMER, name=org.jasig.cas.CentralAuthenticationServiceImpl.GET_TICKET_TIMER, count=0, min=0.0, max=0.0, mean=0.0, stddev=0.0, median=0.0, p75=0.0, p95=0.0, p98=0.0, p99=0.0, p999=0.0, mean_rate=0.0, m1=0.0, m5=0.0, m15=0.0, rate_unit=events/millisecond, duration_unit=milliseconds
type=TIMER, name=org.jasig.cas.CentralAuthenticationServiceImpl.GRANT_PROXY_GRANTING_TICKET_TIMER, count=0, min=0.0, max=0.0, mean=0.0, stddev=0.0, median=0.0, p75=0.0, p95=0.0, p98=0.0, p99=0.0, p999=0.0, mean_rate=0.0, m1=0.0, m5=0.0, m15=0.0, rate_unit=events/millisecond, duration_unit=milliseconds
type=TIMER, name=org.jasig.cas.CentralAuthenticationServiceImpl.GRANT_SERVICE_TICKET_TIMER, count=0, min=0.0, max=0.0, mean=0.0, stddev=0.0, median=0.0, p75=0.0, p95=0.0, p98=0.0, p99=0.0, p999=0.0, mean_rate=0.0, m1=0.0, m5=0.0, m15=0.0, rate_unit=events/millisecond, duration_unit=milliseconds
type=TIMER, name=org.jasig.cas.CentralAuthenticationServiceImpl.VALIDATE_SERVICE_TICKET_TIMER, count=0, min=0.0, max=0.0, mean=0.0, stddev=0.0, median=0.0, p75=0.0, p95=0.0, p98=0.0, p99=0.0, p999=0.0, mean_rate=0.0, m1=0.0, m5=0.0, m15=0.0, rate_unit=events/millisecond, duration_unit=milliseconds
